Dec 20, 2017 9:43:44 AM org.apache.catalina.core.AprLifecycleListener init
INFO: The APR based Apache Tomcat Native library which allows optimal performance in production environments was not found on the java.library.path: /usr/java/packages/lib/amd64:/usr/lib64:/lib64:/lib:/usr/lib
Dec 20, 2017 9:43:44 AM org.apache.coyote.http11.Http11Protocol init
INFO: Initializing Coyote HTTP/1.1 on http-8080
Dec 20, 2017 9:43:45 AM org.apache.coyote.http11.Http11Protocol init
INFO: Initializing Coyote HTTP/1.1 on http-8493
Dec 20, 2017 9:43:45 AM org.apache.catalina.startup.Catalina load
INFO: Initialization processed in 819 ms
Dec 20, 2017 9:43:45 AM org.apache.catalina.core.StandardService start
INFO: Starting service Catalina
Dec 20, 2017 9:43:45 AM org.apache.catalina.core.StandardEngine start
INFO: Starting Servlet Engine: Apache Tomcat/6.0.24
Dec 20, 2017 9:43:45 AM org.apache.catalina.startup.HostConfig deployDescriptor
INFO: Deploying configuration descriptor manager.xml
Dec 20, 2017 9:43:45 AM org.apache.catalina.startup.HostConfig deployDescriptor
INFO: Deploying configuration descriptor hec3dev.xml
Dec 20, 2017 9:43:56 AM org.apache.catalina.startup.HostConfig deployDescriptor
INFO: Deploying configuration descriptor host-manager.xml
Dec 20, 2017 9:43:56 AM org.apache.catalina.startup.HostConfig deployDirectory
INFO: Deploying web application directory ROOT
Dec 20, 2017 9:43:56 AM org.apache.coyote.http11.Http11Protocol start
INFO: Starting Coyote HTTP/1.1 on http-8080
Dec 20, 2017 9:43:56 AM org.apache.coyote.http11.Http11Protocol start
INFO: Starting Coyote HTTP/1.1 on http-8493
Dec 20, 2017 9:43:56 AM org.apache.catalina.startup.Catalina start
INFO: Server startup in 11489 ms
Dec 20, 2017 10:36:54 AM org.apache.coyote.http11.Http11Protocol pause
INFO: Pausing Coyote HTTP/1.1 on http-8080
Dec 20, 2017 10:36:54 AM org.apache.coyote.http11.Http11Protocol pause
INFO: Pausing Coyote HTTP/1.1 on http-8493
Dec 20, 2017 10:36:55 AM org.apache.catalina.core.StandardService stop
INFO: Stopping service Catalina
Dec 20, 2017 10:36:55 AM org.apache.catalina.loader.WebappClassLoader clearReferencesJdbc
SEVERE: A web application registered the JBDC driver [com.mysql.jdbc.Driver] but failed to unregister it when the web application was stopped. To prevent a memory leak, the JDBC Driver has been forcibly unregistered.
Dec 20, 2017 10:36:55 AM org.apache.catalina.loader.WebappClassLoader clearReferencesJdbc
SEVERE: A web application registered the JBDC driver [oracle.jdbc.driver.OracleDriver] but failed to unregister it when the web application was stopped. To prevent a memory leak, the JDBC Driver has been forcibly unregistered.
Dec 20, 2017 10:36:55 AM org.apache.catalina.loader.WebappClassLoader clearReferencesThreads
SEVERE: A web application appears to have started a thread named [Resource Destroyer in BasicResourcePool.close()] but has failed to stop it. This is very likely to create a memory leak.
Dec 20, 2017 10:36:56 AM org.apache.coyote.http11.Http11Protocol destroy
INFO: Stopping Coyote HTTP/1.1 on http-8080
Dec 20, 2017 10:36:56 AM org.apache.coyote.http11.Http11Protocol destroy
INFO: Stopping Coyote HTTP/1.1 on http-8493
