Jul 04, 2017 3:31:19 PM org.apache.catalina.core.AprLifecycleListener init
INFO: The APR based Apache Tomcat Native library which allows optimal performance in production environments was not found on the java.library.path: /usr/java/packages/lib/amd64:/usr/lib64:/lib64:/lib:/usr/lib
Jul 04, 2017 3:31:19 PM org.apache.coyote.http11.Http11Protocol init
INFO: Initializing Coyote HTTP/1.1 on http-8080
Jul 04, 2017 3:31:20 PM org.apache.coyote.http11.Http11Protocol init
INFO: Initializing Coyote HTTP/1.1 on http-8493
Jul 04, 2017 3:31:20 PM org.apache.catalina.startup.Catalina load
INFO: Initialization processed in 2197 ms
Jul 04, 2017 3:31:20 PM org.apache.catalina.core.StandardService start
INFO: Starting service Catalina
Jul 04, 2017 3:31:20 PM org.apache.catalina.core.StandardEngine start
INFO: Starting Servlet Engine: Apache Tomcat/6.0.24
Jul 04, 2017 3:31:21 PM org.apache.catalina.startup.HostConfig deployDescriptor
INFO: Deploying configuration descriptor manager.xml
Jul 04, 2017 3:31:21 PM org.apache.catalina.startup.HostConfig deployDescriptor
INFO: Deploying configuration descriptor hec3dev.xml
Jul 04, 2017 3:31:28 PM org.apache.catalina.core.StandardContext start
SEVERE: Error listenerStart
Jul 04, 2017 3:31:28 PM org.apache.catalina.core.StandardContext start
SEVERE: Context [/hec3dev] startup failed due to previous errors
Jul 04, 2017 3:31:28 PM org.apache.catalina.loader.WebappClassLoader clearReferencesJdbc
SEVERE: A web application registered the JBDC driver [com.mysql.jdbc.Driver] but failed to unregister it when the web application was stopped. To prevent a memory leak, the JDBC Driver has been forcibly unregistered.
Jul 04, 2017 3:31:28 PM org.apache.catalina.loader.WebappClassLoader clearReferencesJdbc
SEVERE: A web application registered the JBDC driver [oracle.jdbc.driver.OracleDriver] but failed to unregister it when the web application was stopped. To prevent a memory leak, the JDBC Driver has been forcibly unregistered.
Jul 04, 2017 3:31:29 PM org.apache.catalina.startup.HostConfig deployDescriptor
INFO: Deploying configuration descriptor host-manager.xml
Jul 04, 2017 3:31:29 PM org.apache.catalina.startup.HostConfig deployDirectory
INFO: Deploying web application directory ROOT
Jul 04, 2017 3:31:29 PM org.apache.coyote.http11.Http11Protocol start
INFO: Starting Coyote HTTP/1.1 on http-8080
Jul 04, 2017 3:31:29 PM org.apache.coyote.http11.Http11Protocol start
INFO: Starting Coyote HTTP/1.1 on http-8493
Jul 04, 2017 3:31:29 PM org.apache.catalina.startup.Catalina start
INFO: Server startup in 9049 ms
Jul 04, 2017 3:32:56 PM org.apache.coyote.http11.Http11Protocol pause
INFO: Pausing Coyote HTTP/1.1 on http-8080
Jul 04, 2017 3:32:56 PM org.apache.coyote.http11.Http11Protocol pause
INFO: Pausing Coyote HTTP/1.1 on http-8493
Jul 04, 2017 3:32:57 PM org.apache.catalina.core.StandardService stop
INFO: Stopping service Catalina
Jul 04, 2017 3:32:57 PM org.apache.coyote.http11.Http11Protocol destroy
INFO: Stopping Coyote HTTP/1.1 on http-8080
Jul 04, 2017 3:32:57 PM org.apache.coyote.http11.Http11Protocol destroy
INFO: Stopping Coyote HTTP/1.1 on http-8493
