Jul 05, 2017 2:20:23 PM org.apache.catalina.core.StandardContext listenerStart
SEVERE: Exception sending context initialized event to listener instance of class aurora.service.http.WebContextInit
java.lang.RuntimeException: java.lang.RuntimeException: java.lang.RuntimeException: java.sql.SQLException: Io exception: The Network Adapter could not establish the connection
	at aurora.service.http.WebContextInit.contextInitialized(WebContextInit.java:108)
	at org.apache.catalina.core.StandardContext.listenerStart(StandardContext.java:3972)
	at org.apache.catalina.core.StandardContext.start(StandardContext.java:4467)
	at org.apache.catalina.core.ContainerBase.addChildInternal(ContainerBase.java:791)
	at org.apache.catalina.core.ContainerBase.addChild(ContainerBase.java:771)
	at org.apache.catalina.core.StandardHost.addChild(StandardHost.java:526)
	at org.apache.catalina.startup.HostConfig.deployDescriptor(HostConfig.java:637)
	at org.apache.catalina.startup.HostConfig.deployDescriptors(HostConfig.java:563)
	at org.apache.catalina.startup.HostConfig.deployApps(HostConfig.java:498)
	at org.apache.catalina.startup.HostConfig.start(HostConfig.java:1277)
	at org.apache.catalina.startup.HostConfig.lifecycleEvent(HostConfig.java:321)
	at org.apache.catalina.util.LifecycleSupport.fireLifecycleEvent(LifecycleSupport.java:119)
	at org.apache.catalina.core.ContainerBase.start(ContainerBase.java:1053)
	at org.apache.catalina.core.StandardHost.start(StandardHost.java:722)
	at org.apache.catalina.core.ContainerBase.start(ContainerBase.java:1045)
	at org.apache.catalina.core.StandardEngine.start(StandardEngine.java:443)
	at org.apache.catalina.core.StandardService.start(StandardService.java:516)
	at org.apache.catalina.core.StandardServer.start(StandardServer.java:710)
	at org.apache.catalina.startup.Catalina.start(Catalina.java:593)
	at sun.reflect.NativeMethodAccessorImpl.invoke0(Native Method)
	at sun.reflect.NativeMethodAccessorImpl.invoke(NativeMethodAccessorImpl.java:57)
	at sun.reflect.DelegatingMethodAccessorImpl.invoke(DelegatingMethodAccessorImpl.java:43)
	at java.lang.reflect.Method.invoke(Method.java:606)
	at org.apache.catalina.startup.Bootstrap.start(Bootstrap.java:289)
	at org.apache.catalina.startup.Bootstrap.main(Bootstrap.java:414)
Caused by: java.lang.RuntimeException: java.lang.RuntimeException: java.sql.SQLException: Io exception: The Network Adapter could not establish the connection
	at uncertain.pkg.InstanceConfig.loadComponents(InstanceConfig.java:156)
	at uncertain.pkg.PackageManager.createInstances(PackageManager.java:341)
	at uncertain.core.UncertainEngine.loadInstanceFromPackage(UncertainEngine.java:672)
	at uncertain.core.UncertainEngine.startup(UncertainEngine.java:708)
	at uncertain.core.UncertainEngine.startup(UncertainEngine.java:668)
	at aurora.service.http.WebContextInit.initUncertain(WebContextInit.java:60)
	at aurora.service.http.WebContextInit.init(WebContextInit.java:87)
	at aurora.service.http.WebContextInit.contextInitialized(WebContextInit.java:106)
	... 24 more
Caused by: java.lang.RuntimeException: java.sql.SQLException: Io exception: The Network Adapter could not establish the connection
	at aurora.datasource.DataSourceConfig.startup(DataSourceConfig.java:110)
	at uncertain.core.UncertainEngine.loadInstance(UncertainEngine.java:374)
	at uncertain.core.UncertainEngine.access$0(UncertainEngine.java:368)
	at uncertain.core.UncertainEngine$1.onInstanceCreate(UncertainEngine.java:675)
	at uncertain.pkg.InstanceConfig.loadComponents(InstanceConfig.java:151)
	... 31 more
Caused by: java.sql.SQLException: Io exception: The Network Adapter could not establish the connection
	at oracle.jdbc.driver.DatabaseError.throwSqlException(DatabaseError.java:111)
	at oracle.jdbc.driver.DatabaseError.throwSqlException(DatabaseError.java:145)
	at oracle.jdbc.driver.DatabaseError.throwSqlException(DatabaseError.java:254)
	at oracle.jdbc.driver.T4CConnection.logon(T4CConnection.java:386)
	at oracle.jdbc.driver.PhysicalConnection.<init>(PhysicalConnection.java:413)
	at oracle.jdbc.driver.T4CConnection.<init>(T4CConnection.java:164)
	at oracle.jdbc.driver.T4CDriverExtension.getConnection(T4CDriverExtension.java:34)
	at oracle.jdbc.driver.OracleDriver.connect(OracleDriver.java:752)
	at com.mchange.v2.c3p0.DriverManagerDataSource.getConnection(DriverManagerDataSource.java:119)
	at aurora.plugin.c3p0.DataSourceFactory.createDataSource(DataSourceFactory.java:27)
	at aurora.datasource.DataSourceConfig.startup(DataSourceConfig.java:97)
	... 35 more

