十二月 17, 2018 5:10:55 下午 org.apache.catalina.core.StandardWrapperValve invoke
严重: Servlet.service() for servlet service threw exception
java.io.FileNotFoundException: D:\1.SoftWare\20.git\workspace\Pro01\1.aurora_workspace\webRoot\modules\train\CLA7010\tra_class_information.screen (系统找不到指定的路径。)
	at java.io.FileInputStream.open(Native Method)
	at java.io.FileInputStream.<init>(Unknown Source)
	at java.io.FileInputStream.<init>(Unknown Source)
	at uncertain.composite.CompositeLoader.loadByFullFilePath_NC(CompositeLoader.java:198)
	at uncertain.composite.CompositeLoader.loadByFullFilePath(CompositeLoader.java:211)
	at uncertain.composite.CompositeLoader.loadByFile(CompositeLoader.java:254)
	at aurora.service.http.HttpServiceFactory.loadServiceConfig(HttpServiceFactory.java:86)
	at aurora.service.http.FacadeServlet.populateService(FacadeServlet.java:51)
	at aurora.service.http.AbstractFacadeServlet.doService(AbstractFacadeServlet.java:136)
	at aurora.service.http.AbstractFacadeServlet.doGet(AbstractFacadeServlet.java:92)
	at javax.servlet.http.HttpServlet.service(HttpServlet.java:617)
	at javax.servlet.http.HttpServlet.service(HttpServlet.java:717)
	at org.apache.catalina.core.ApplicationFilterChain.internalDoFilter(ApplicationFilterChain.java:290)
	at org.apache.catalina.core.ApplicationFilterChain.doFilter(ApplicationFilterChain.java:206)
	at org.apache.catalina.core.StandardWrapperValve.invoke(StandardWrapperValve.java:233)
	at org.apache.catalina.core.StandardContextValve.invoke(StandardContextValve.java:191)
	at org.apache.catalina.core.StandardHostValve.invoke(StandardHostValve.java:127)
	at org.apache.catalina.valves.ErrorReportValve.invoke(ErrorReportValve.java:102)
	at org.apache.catalina.core.StandardEngineValve.invoke(StandardEngineValve.java:109)
	at org.apache.catalina.connector.CoyoteAdapter.service(CoyoteAdapter.java:298)
	at org.apache.coyote.http11.Http11Processor.process(Http11Processor.java:852)
	at org.apache.coyote.http11.Http11Protocol$Http11ConnectionHandler.process(Http11Protocol.java:588)
	at org.apache.tomcat.util.net.JIoEndpoint$Worker.run(JIoEndpoint.java:489)
	at java.lang.Thread.run(Unknown Source)

十二月 17, 2018 5:11:21 下午 org.apache.catalina.core.StandardWrapperValve invoke
严重: Servlet.service() for servlet service threw exception
java.io.FileNotFoundException: D:\1.SoftWare\20.git\workspace\Pro01\1.aurora_workspace\webRoot\modules\train\CLA7020\tra_class_infor_query.screen (系统找不到指定的路径。)
	at java.io.FileInputStream.open(Native Method)
	at java.io.FileInputStream.<init>(Unknown Source)
	at java.io.FileInputStream.<init>(Unknown Source)
	at uncertain.composite.CompositeLoader.loadByFullFilePath_NC(CompositeLoader.java:198)
	at uncertain.composite.CompositeLoader.loadByFullFilePath(CompositeLoader.java:211)
	at uncertain.composite.CompositeLoader.loadByFile(CompositeLoader.java:254)
	at aurora.service.http.HttpServiceFactory.loadServiceConfig(HttpServiceFactory.java:86)
	at aurora.service.http.FacadeServlet.populateService(FacadeServlet.java:51)
	at aurora.service.http.AbstractFacadeServlet.doService(AbstractFacadeServlet.java:136)
	at aurora.service.http.AbstractFacadeServlet.doGet(AbstractFacadeServlet.java:92)
	at javax.servlet.http.HttpServlet.service(HttpServlet.java:617)
	at javax.servlet.http.HttpServlet.service(HttpServlet.java:717)
	at org.apache.catalina.core.ApplicationFilterChain.internalDoFilter(ApplicationFilterChain.java:290)
	at org.apache.catalina.core.ApplicationFilterChain.doFilter(ApplicationFilterChain.java:206)
	at org.apache.catalina.core.StandardWrapperValve.invoke(StandardWrapperValve.java:233)
	at org.apache.catalina.core.StandardContextValve.invoke(StandardContextValve.java:191)
	at org.apache.catalina.core.StandardHostValve.invoke(StandardHostValve.java:127)
	at org.apache.catalina.valves.ErrorReportValve.invoke(ErrorReportValve.java:102)
	at org.apache.catalina.core.StandardEngineValve.invoke(StandardEngineValve.java:109)
	at org.apache.catalina.connector.CoyoteAdapter.service(CoyoteAdapter.java:298)
	at org.apache.coyote.http11.Http11Processor.process(Http11Processor.java:852)
	at org.apache.coyote.http11.Http11Protocol$Http11ConnectionHandler.process(Http11Protocol.java:588)
	at org.apache.tomcat.util.net.JIoEndpoint$Worker.run(JIoEndpoint.java:489)
	at java.lang.Thread.run(Unknown Source)

十二月 17, 2018 5:11:25 下午 org.apache.catalina.core.StandardWrapperValve invoke
严重: Servlet.service() for servlet service threw exception
java.io.FileNotFoundException: D:\1.SoftWare\20.git\workspace\Pro01\1.aurora_workspace\webRoot\modules\train\CLA7010\tra_class_information.screen (系统找不到指定的路径。)
	at java.io.FileInputStream.open(Native Method)
	at java.io.FileInputStream.<init>(Unknown Source)
	at java.io.FileInputStream.<init>(Unknown Source)
	at uncertain.composite.CompositeLoader.loadByFullFilePath_NC(CompositeLoader.java:198)
	at uncertain.composite.CompositeLoader.loadByFullFilePath(CompositeLoader.java:211)
	at uncertain.composite.CompositeLoader.loadByFile(CompositeLoader.java:254)
	at aurora.service.http.HttpServiceFactory.loadServiceConfig(HttpServiceFactory.java:86)
	at aurora.service.http.FacadeServlet.populateService(FacadeServlet.java:51)
	at aurora.service.http.AbstractFacadeServlet.doService(AbstractFacadeServlet.java:136)
	at aurora.service.http.AbstractFacadeServlet.doGet(AbstractFacadeServlet.java:92)
	at javax.servlet.http.HttpServlet.service(HttpServlet.java:617)
	at javax.servlet.http.HttpServlet.service(HttpServlet.java:717)
	at org.apache.catalina.core.ApplicationFilterChain.internalDoFilter(ApplicationFilterChain.java:290)
	at org.apache.catalina.core.ApplicationFilterChain.doFilter(ApplicationFilterChain.java:206)
	at org.apache.catalina.core.StandardWrapperValve.invoke(StandardWrapperValve.java:233)
	at org.apache.catalina.core.StandardContextValve.invoke(StandardContextValve.java:191)
	at org.apache.catalina.core.StandardHostValve.invoke(StandardHostValve.java:127)
	at org.apache.catalina.valves.ErrorReportValve.invoke(ErrorReportValve.java:102)
	at org.apache.catalina.core.StandardEngineValve.invoke(StandardEngineValve.java:109)
	at org.apache.catalina.connector.CoyoteAdapter.service(CoyoteAdapter.java:298)
	at org.apache.coyote.http11.Http11Processor.process(Http11Processor.java:852)
	at org.apache.coyote.http11.Http11Protocol$Http11ConnectionHandler.process(Http11Protocol.java:588)
	at org.apache.tomcat.util.net.JIoEndpoint$Worker.run(JIoEndpoint.java:489)
	at java.lang.Thread.run(Unknown Source)

十二月 17, 2018 5:11:27 下午 org.apache.catalina.core.StandardWrapperValve invoke
严重: Servlet.service() for servlet service threw exception
java.io.FileNotFoundException: D:\1.SoftWare\20.git\workspace\Pro01\1.aurora_workspace\webRoot\modules\train\CLA7020\tra_class_infor_query.screen (系统找不到指定的路径。)
	at java.io.FileInputStream.open(Native Method)
	at java.io.FileInputStream.<init>(Unknown Source)
	at java.io.FileInputStream.<init>(Unknown Source)
	at uncertain.composite.CompositeLoader.loadByFullFilePath_NC(CompositeLoader.java:198)
	at uncertain.composite.CompositeLoader.loadByFullFilePath(CompositeLoader.java:211)
	at uncertain.composite.CompositeLoader.loadByFile(CompositeLoader.java:254)
	at aurora.service.http.HttpServiceFactory.loadServiceConfig(HttpServiceFactory.java:86)
	at aurora.service.http.FacadeServlet.populateService(FacadeServlet.java:51)
	at aurora.service.http.AbstractFacadeServlet.doService(AbstractFacadeServlet.java:136)
	at aurora.service.http.AbstractFacadeServlet.doGet(AbstractFacadeServlet.java:92)
	at javax.servlet.http.HttpServlet.service(HttpServlet.java:617)
	at javax.servlet.http.HttpServlet.service(HttpServlet.java:717)
	at org.apache.catalina.core.ApplicationFilterChain.internalDoFilter(ApplicationFilterChain.java:290)
	at org.apache.catalina.core.ApplicationFilterChain.doFilter(ApplicationFilterChain.java:206)
	at org.apache.catalina.core.StandardWrapperValve.invoke(StandardWrapperValve.java:233)
	at org.apache.catalina.core.StandardContextValve.invoke(StandardContextValve.java:191)
	at org.apache.catalina.core.StandardHostValve.invoke(StandardHostValve.java:127)
	at org.apache.catalina.valves.ErrorReportValve.invoke(ErrorReportValve.java:102)
	at org.apache.catalina.core.StandardEngineValve.invoke(StandardEngineValve.java:109)
	at org.apache.catalina.connector.CoyoteAdapter.service(CoyoteAdapter.java:298)
	at org.apache.coyote.http11.Http11Processor.process(Http11Processor.java:852)
	at org.apache.coyote.http11.Http11Protocol$Http11ConnectionHandler.process(Http11Protocol.java:588)
	at org.apache.tomcat.util.net.JIoEndpoint$Worker.run(JIoEndpoint.java:489)
	at java.lang.Thread.run(Unknown Source)

十二月 17, 2018 5:11:29 下午 org.apache.catalina.core.StandardWrapperValve invoke
严重: Servlet.service() for servlet service threw exception
java.io.FileNotFoundException: D:\1.SoftWare\20.git\workspace\Pro01\1.aurora_workspace\webRoot\modules\train\CLA7030\tra_class_infor_maintain.screen (系统找不到指定的路径。)
	at java.io.FileInputStream.open(Native Method)
	at java.io.FileInputStream.<init>(Unknown Source)
	at java.io.FileInputStream.<init>(Unknown Source)
	at uncertain.composite.CompositeLoader.loadByFullFilePath_NC(CompositeLoader.java:198)
	at uncertain.composite.CompositeLoader.loadByFullFilePath(CompositeLoader.java:211)
	at uncertain.composite.CompositeLoader.loadByFile(CompositeLoader.java:254)
	at aurora.service.http.HttpServiceFactory.loadServiceConfig(HttpServiceFactory.java:86)
	at aurora.service.http.FacadeServlet.populateService(FacadeServlet.java:51)
	at aurora.service.http.AbstractFacadeServlet.doService(AbstractFacadeServlet.java:136)
	at aurora.service.http.AbstractFacadeServlet.doGet(AbstractFacadeServlet.java:92)
	at javax.servlet.http.HttpServlet.service(HttpServlet.java:617)
	at javax.servlet.http.HttpServlet.service(HttpServlet.java:717)
	at org.apache.catalina.core.ApplicationFilterChain.internalDoFilter(ApplicationFilterChain.java:290)
	at org.apache.catalina.core.ApplicationFilterChain.doFilter(ApplicationFilterChain.java:206)
	at org.apache.catalina.core.StandardWrapperValve.invoke(StandardWrapperValve.java:233)
	at org.apache.catalina.core.StandardContextValve.invoke(StandardContextValve.java:191)
	at org.apache.catalina.core.StandardHostValve.invoke(StandardHostValve.java:127)
	at org.apache.catalina.valves.ErrorReportValve.invoke(ErrorReportValve.java:102)
	at org.apache.catalina.core.StandardEngineValve.invoke(StandardEngineValve.java:109)
	at org.apache.catalina.connector.CoyoteAdapter.service(CoyoteAdapter.java:298)
	at org.apache.coyote.http11.Http11Processor.process(Http11Processor.java:852)
	at org.apache.coyote.http11.Http11Protocol$Http11ConnectionHandler.process(Http11Protocol.java:588)
	at org.apache.tomcat.util.net.JIoEndpoint$Worker.run(JIoEndpoint.java:489)
	at java.lang.Thread.run(Unknown Source)

十二月 17, 2018 5:11:42 下午 org.apache.catalina.core.StandardWrapperValve invoke
严重: Servlet.service() for servlet service threw exception
java.io.FileNotFoundException: D:\1.SoftWare\20.git\workspace\Pro01\1.aurora_workspace\webRoot\modules\train\CLA7020\tra_class_infor_query.screen (系统找不到指定的路径。)
	at java.io.FileInputStream.open(Native Method)
	at java.io.FileInputStream.<init>(Unknown Source)
	at java.io.FileInputStream.<init>(Unknown Source)
	at uncertain.composite.CompositeLoader.loadByFullFilePath_NC(CompositeLoader.java:198)
	at uncertain.composite.CompositeLoader.loadByFullFilePath(CompositeLoader.java:211)
	at uncertain.composite.CompositeLoader.loadByFile(CompositeLoader.java:254)
	at aurora.service.http.HttpServiceFactory.loadServiceConfig(HttpServiceFactory.java:86)
	at aurora.service.http.FacadeServlet.populateService(FacadeServlet.java:51)
	at aurora.service.http.AbstractFacadeServlet.doService(AbstractFacadeServlet.java:136)
	at aurora.service.http.AbstractFacadeServlet.doGet(AbstractFacadeServlet.java:92)
	at javax.servlet.http.HttpServlet.service(HttpServlet.java:617)
	at javax.servlet.http.HttpServlet.service(HttpServlet.java:717)
	at org.apache.catalina.core.ApplicationFilterChain.internalDoFilter(ApplicationFilterChain.java:290)
	at org.apache.catalina.core.ApplicationFilterChain.doFilter(ApplicationFilterChain.java:206)
	at org.apache.catalina.core.StandardWrapperValve.invoke(StandardWrapperValve.java:233)
	at org.apache.catalina.core.StandardContextValve.invoke(StandardContextValve.java:191)
	at org.apache.catalina.core.StandardHostValve.invoke(StandardHostValve.java:127)
	at org.apache.catalina.valves.ErrorReportValve.invoke(ErrorReportValve.java:102)
	at org.apache.catalina.core.StandardEngineValve.invoke(StandardEngineValve.java:109)
	at org.apache.catalina.connector.CoyoteAdapter.service(CoyoteAdapter.java:298)
	at org.apache.coyote.http11.Http11Processor.process(Http11Processor.java:852)
	at org.apache.coyote.http11.Http11Protocol$Http11ConnectionHandler.process(Http11Protocol.java:588)
	at org.apache.tomcat.util.net.JIoEndpoint$Worker.run(JIoEndpoint.java:489)
	at java.lang.Thread.run(Unknown Source)

十二月 17, 2018 7:18:43 下午 org.apache.catalina.core.StandardWrapperValve invoke
严重: Servlet.service() for servlet service threw exception
java.lang.NullPointerException
	at aurora.security.AccessCheck.onAccessCheck(AccessCheck.java:32)
	at sun.reflect.GeneratedMethodAccessor123.invoke(Unknown Source)
	at sun.reflect.DelegatingMethodAccessorImpl.invoke(Unknown Source)
	at java.lang.reflect.Method.invoke(Unknown Source)
	at uncertain.event.ReflectionMethodHandle.handleEvent(ReflectionMethodHandle.java:92)
	at uncertain.event.ReflectionMethodHandle.handleEvent(ReflectionMethodHandle.java:49)
	at uncertain.event.Configuration.fireEventInternal(Configuration.java:450)
	at uncertain.event.Configuration.fireEvent(Configuration.java:388)
	at uncertain.proc.ProcedureRunner.fireEvent(ProcedureRunner.java:352)
	at uncertain.proc.Action.run(Action.java:171)
	at uncertain.proc.ProcedureRunner.run(ProcedureRunner.java:289)
	at uncertain.proc.ProcedureRunner.run(ProcedureRunner.java:330)
	at uncertain.proc.Procedure.run(Procedure.java:101)
	at uncertain.proc.Switch.run(Switch.java:90)
	at uncertain.proc.ProcedureRunner.run(ProcedureRunner.java:289)
	at uncertain.proc.ProcedureRunner.run(ProcedureRunner.java:330)
	at uncertain.proc.Procedure.run(Procedure.java:101)
	at uncertain.proc.ProcedureRunner.run(ProcedureRunner.java:277)
	at aurora.service.ServiceInstance.invoke(ServiceInstance.java:133)
	at aurora.service.http.AbstractFacadeServlet.doService(AbstractFacadeServlet.java:148)
	at aurora.service.http.AbstractFacadeServlet.doGet(AbstractFacadeServlet.java:92)
	at javax.servlet.http.HttpServlet.service(HttpServlet.java:617)
	at javax.servlet.http.HttpServlet.service(HttpServlet.java:717)
	at org.apache.catalina.core.ApplicationFilterChain.internalDoFilter(ApplicationFilterChain.java:290)
	at org.apache.catalina.core.ApplicationFilterChain.doFilter(ApplicationFilterChain.java:206)
	at org.apache.catalina.core.StandardWrapperValve.invoke(StandardWrapperValve.java:233)
	at org.apache.catalina.core.StandardContextValve.invoke(StandardContextValve.java:191)
	at org.apache.catalina.core.StandardHostValve.invoke(StandardHostValve.java:127)
	at org.apache.catalina.valves.ErrorReportValve.invoke(ErrorReportValve.java:102)
	at org.apache.catalina.core.StandardEngineValve.invoke(StandardEngineValve.java:109)
	at org.apache.catalina.connector.CoyoteAdapter.service(CoyoteAdapter.java:298)
	at org.apache.coyote.http11.Http11Processor.process(Http11Processor.java:852)
	at org.apache.coyote.http11.Http11Protocol$Http11ConnectionHandler.process(Http11Protocol.java:588)
	at org.apache.tomcat.util.net.JIoEndpoint$Worker.run(JIoEndpoint.java:489)
	at java.lang.Thread.run(Unknown Source)

十二月 17, 2018 7:18:48 下午 org.apache.catalina.core.StandardWrapperValve invoke
严重: Servlet.service() for servlet service threw exception
java.lang.NullPointerException
	at aurora.security.AccessCheck.onAccessCheck(AccessCheck.java:32)
	at sun.reflect.GeneratedMethodAccessor123.invoke(Unknown Source)
	at sun.reflect.DelegatingMethodAccessorImpl.invoke(Unknown Source)
	at java.lang.reflect.Method.invoke(Unknown Source)
	at uncertain.event.ReflectionMethodHandle.handleEvent(ReflectionMethodHandle.java:92)
	at uncertain.event.ReflectionMethodHandle.handleEvent(ReflectionMethodHandle.java:49)
	at uncertain.event.Configuration.fireEventInternal(Configuration.java:450)
	at uncertain.event.Configuration.fireEvent(Configuration.java:388)
	at uncertain.proc.ProcedureRunner.fireEvent(ProcedureRunner.java:352)
	at uncertain.proc.Action.run(Action.java:171)
	at uncertain.proc.ProcedureRunner.run(ProcedureRunner.java:289)
	at uncertain.proc.ProcedureRunner.run(ProcedureRunner.java:330)
	at uncertain.proc.Procedure.run(Procedure.java:101)
	at uncertain.proc.Switch.run(Switch.java:90)
	at uncertain.proc.ProcedureRunner.run(ProcedureRunner.java:289)
	at uncertain.proc.ProcedureRunner.run(ProcedureRunner.java:330)
	at uncertain.proc.Procedure.run(Procedure.java:101)
	at uncertain.proc.ProcedureRunner.run(ProcedureRunner.java:277)
	at aurora.service.ServiceInstance.invoke(ServiceInstance.java:133)
	at aurora.service.http.AbstractFacadeServlet.doService(AbstractFacadeServlet.java:148)
	at aurora.service.http.AbstractFacadeServlet.doGet(AbstractFacadeServlet.java:92)
	at javax.servlet.http.HttpServlet.service(HttpServlet.java:617)
	at javax.servlet.http.HttpServlet.service(HttpServlet.java:717)
	at org.apache.catalina.core.ApplicationFilterChain.internalDoFilter(ApplicationFilterChain.java:290)
	at org.apache.catalina.core.ApplicationFilterChain.doFilter(ApplicationFilterChain.java:206)
	at org.apache.catalina.core.StandardWrapperValve.invoke(StandardWrapperValve.java:233)
	at org.apache.catalina.core.StandardContextValve.invoke(StandardContextValve.java:191)
	at org.apache.catalina.core.StandardHostValve.invoke(StandardHostValve.java:127)
	at org.apache.catalina.valves.ErrorReportValve.invoke(ErrorReportValve.java:102)
	at org.apache.catalina.core.StandardEngineValve.invoke(StandardEngineValve.java:109)
	at org.apache.catalina.connector.CoyoteAdapter.service(CoyoteAdapter.java:298)
	at org.apache.coyote.http11.Http11Processor.process(Http11Processor.java:852)
	at org.apache.coyote.http11.Http11Protocol$Http11ConnectionHandler.process(Http11Protocol.java:588)
	at org.apache.tomcat.util.net.JIoEndpoint$Worker.run(JIoEndpoint.java:489)
	at java.lang.Thread.run(Unknown Source)

十二月 17, 2018 7:42:55 下午 org.apache.catalina.core.StandardWrapperValve invoke
严重: Servlet.service() for servlet service threw exception
java.lang.NullPointerException
	at aurora.security.AccessCheck.onAccessCheck(AccessCheck.java:32)
	at sun.reflect.GeneratedMethodAccessor123.invoke(Unknown Source)
	at sun.reflect.DelegatingMethodAccessorImpl.invoke(Unknown Source)
	at java.lang.reflect.Method.invoke(Unknown Source)
	at uncertain.event.ReflectionMethodHandle.handleEvent(ReflectionMethodHandle.java:92)
	at uncertain.event.ReflectionMethodHandle.handleEvent(ReflectionMethodHandle.java:49)
	at uncertain.event.Configuration.fireEventInternal(Configuration.java:450)
	at uncertain.event.Configuration.fireEvent(Configuration.java:388)
	at uncertain.proc.ProcedureRunner.fireEvent(ProcedureRunner.java:352)
	at uncertain.proc.Action.run(Action.java:171)
	at uncertain.proc.ProcedureRunner.run(ProcedureRunner.java:289)
	at uncertain.proc.ProcedureRunner.run(ProcedureRunner.java:330)
	at uncertain.proc.Procedure.run(Procedure.java:101)
	at uncertain.proc.Switch.run(Switch.java:90)
	at uncertain.proc.ProcedureRunner.run(ProcedureRunner.java:289)
	at uncertain.proc.ProcedureRunner.run(ProcedureRunner.java:330)
	at uncertain.proc.Procedure.run(Procedure.java:101)
	at uncertain.proc.ProcedureRunner.run(ProcedureRunner.java:277)
	at aurora.service.ServiceInstance.invoke(ServiceInstance.java:133)
	at aurora.service.http.AbstractFacadeServlet.doService(AbstractFacadeServlet.java:148)
	at aurora.service.http.AbstractFacadeServlet.doGet(AbstractFacadeServlet.java:92)
	at javax.servlet.http.HttpServlet.service(HttpServlet.java:617)
	at javax.servlet.http.HttpServlet.service(HttpServlet.java:717)
	at org.apache.catalina.core.ApplicationFilterChain.internalDoFilter(ApplicationFilterChain.java:290)
	at org.apache.catalina.core.ApplicationFilterChain.doFilter(ApplicationFilterChain.java:206)
	at org.apache.catalina.core.StandardWrapperValve.invoke(StandardWrapperValve.java:233)
	at org.apache.catalina.core.StandardContextValve.invoke(StandardContextValve.java:191)
	at org.apache.catalina.core.StandardHostValve.invoke(StandardHostValve.java:127)
	at org.apache.catalina.valves.ErrorReportValve.invoke(ErrorReportValve.java:102)
	at org.apache.catalina.core.StandardEngineValve.invoke(StandardEngineValve.java:109)
	at org.apache.catalina.connector.CoyoteAdapter.service(CoyoteAdapter.java:298)
	at org.apache.coyote.http11.Http11Processor.process(Http11Processor.java:852)
	at org.apache.coyote.http11.Http11Protocol$Http11ConnectionHandler.process(Http11Protocol.java:588)
	at org.apache.tomcat.util.net.JIoEndpoint$Worker.run(JIoEndpoint.java:489)
	at java.lang.Thread.run(Unknown Source)

十二月 17, 2018 7:55:00 下午 org.apache.catalina.core.StandardWrapperValve invoke
严重: Servlet.service() for servlet service threw exception
java.io.FileNotFoundException: D:\1.SoftWare\20.git\workspace\Pro01\1.aurora_workspace\webRoot\modules\train\TRA1010\tra_employee_levels.screen (系统找不到指定的文件。)
	at java.io.FileInputStream.open(Native Method)
	at java.io.FileInputStream.<init>(Unknown Source)
	at java.io.FileInputStream.<init>(Unknown Source)
	at uncertain.composite.CompositeLoader.loadByFullFilePath_NC(CompositeLoader.java:198)
	at uncertain.composite.CompositeLoader.loadByFullFilePath(CompositeLoader.java:211)
	at uncertain.composite.CompositeLoader.loadByFile(CompositeLoader.java:254)
	at aurora.service.http.HttpServiceFactory.loadServiceConfig(HttpServiceFactory.java:86)
	at aurora.service.http.FacadeServlet.populateService(FacadeServlet.java:51)
	at aurora.service.http.AbstractFacadeServlet.doService(AbstractFacadeServlet.java:136)
	at aurora.service.http.AbstractFacadeServlet.doGet(AbstractFacadeServlet.java:92)
	at javax.servlet.http.HttpServlet.service(HttpServlet.java:617)
	at javax.servlet.http.HttpServlet.service(HttpServlet.java:717)
	at org.apache.catalina.core.ApplicationFilterChain.internalDoFilter(ApplicationFilterChain.java:290)
	at org.apache.catalina.core.ApplicationFilterChain.doFilter(ApplicationFilterChain.java:206)
	at org.apache.catalina.core.StandardWrapperValve.invoke(StandardWrapperValve.java:233)
	at org.apache.catalina.core.StandardContextValve.invoke(StandardContextValve.java:191)
	at org.apache.catalina.core.StandardHostValve.invoke(StandardHostValve.java:127)
	at org.apache.catalina.valves.ErrorReportValve.invoke(ErrorReportValve.java:102)
	at org.apache.catalina.core.StandardEngineValve.invoke(StandardEngineValve.java:109)
	at org.apache.catalina.connector.CoyoteAdapter.service(CoyoteAdapter.java:298)
	at org.apache.coyote.http11.Http11Processor.process(Http11Processor.java:852)
	at org.apache.coyote.http11.Http11Protocol$Http11ConnectionHandler.process(Http11Protocol.java:588)
	at org.apache.tomcat.util.net.JIoEndpoint$Worker.run(JIoEndpoint.java:489)
	at java.lang.Thread.run(Unknown Source)

十二月 17, 2018 7:56:48 下午 org.apache.catalina.core.StandardWrapperValve invoke
严重: Servlet.service() for servlet service threw exception
java.io.FileNotFoundException: D:\1.SoftWare\20.git\workspace\Pro01\1.aurora_workspace\webRoot\modules\train\TRA1010\tra_employee_levels.screen (系统找不到指定的文件。)
	at java.io.FileInputStream.open(Native Method)
	at java.io.FileInputStream.<init>(Unknown Source)
	at java.io.FileInputStream.<init>(Unknown Source)
	at uncertain.composite.CompositeLoader.loadByFullFilePath_NC(CompositeLoader.java:198)
	at uncertain.composite.CompositeLoader.loadByFullFilePath(CompositeLoader.java:211)
	at uncertain.composite.CompositeLoader.loadByFile(CompositeLoader.java:254)
	at aurora.service.http.HttpServiceFactory.loadServiceConfig(HttpServiceFactory.java:86)
	at aurora.service.http.FacadeServlet.populateService(FacadeServlet.java:51)
	at aurora.service.http.AbstractFacadeServlet.doService(AbstractFacadeServlet.java:136)
	at aurora.service.http.AbstractFacadeServlet.doGet(AbstractFacadeServlet.java:92)
	at javax.servlet.http.HttpServlet.service(HttpServlet.java:617)
	at javax.servlet.http.HttpServlet.service(HttpServlet.java:717)
	at org.apache.catalina.core.ApplicationFilterChain.internalDoFilter(ApplicationFilterChain.java:290)
	at org.apache.catalina.core.ApplicationFilterChain.doFilter(ApplicationFilterChain.java:206)
	at org.apache.catalina.core.StandardWrapperValve.invoke(StandardWrapperValve.java:233)
	at org.apache.catalina.core.StandardContextValve.invoke(StandardContextValve.java:191)
	at org.apache.catalina.core.StandardHostValve.invoke(StandardHostValve.java:127)
	at org.apache.catalina.valves.ErrorReportValve.invoke(ErrorReportValve.java:102)
	at org.apache.catalina.core.StandardEngineValve.invoke(StandardEngineValve.java:109)
	at org.apache.catalina.connector.CoyoteAdapter.service(CoyoteAdapter.java:298)
	at org.apache.coyote.http11.Http11Processor.process(Http11Processor.java:852)
	at org.apache.coyote.http11.Http11Protocol$Http11ConnectionHandler.process(Http11Protocol.java:588)
	at org.apache.tomcat.util.net.JIoEndpoint$Worker.run(JIoEndpoint.java:489)
	at java.lang.Thread.run(Unknown Source)

十二月 17, 2018 7:57:17 下午 org.apache.catalina.core.StandardWrapperValve invoke
严重: Servlet.service() for servlet service threw exception
java.io.FileNotFoundException: D:\1.SoftWare\20.git\workspace\Pro01\1.aurora_workspace\webRoot\modules\train\TRA1010\tra_employee_levels.screen (系统找不到指定的文件。)
	at java.io.FileInputStream.open(Native Method)
	at java.io.FileInputStream.<init>(Unknown Source)
	at java.io.FileInputStream.<init>(Unknown Source)
	at uncertain.composite.CompositeLoader.loadByFullFilePath_NC(CompositeLoader.java:198)
	at uncertain.composite.CompositeLoader.loadByFullFilePath(CompositeLoader.java:211)
	at uncertain.composite.CompositeLoader.loadByFile(CompositeLoader.java:254)
	at aurora.service.http.HttpServiceFactory.loadServiceConfig(HttpServiceFactory.java:86)
	at aurora.service.http.FacadeServlet.populateService(FacadeServlet.java:51)
	at aurora.service.http.AbstractFacadeServlet.doService(AbstractFacadeServlet.java:136)
	at aurora.service.http.AbstractFacadeServlet.doGet(AbstractFacadeServlet.java:92)
	at javax.servlet.http.HttpServlet.service(HttpServlet.java:617)
	at javax.servlet.http.HttpServlet.service(HttpServlet.java:717)
	at org.apache.catalina.core.ApplicationFilterChain.internalDoFilter(ApplicationFilterChain.java:290)
	at org.apache.catalina.core.ApplicationFilterChain.doFilter(ApplicationFilterChain.java:206)
	at org.apache.catalina.core.StandardWrapperValve.invoke(StandardWrapperValve.java:233)
	at org.apache.catalina.core.StandardContextValve.invoke(StandardContextValve.java:191)
	at org.apache.catalina.core.StandardHostValve.invoke(StandardHostValve.java:127)
	at org.apache.catalina.valves.ErrorReportValve.invoke(ErrorReportValve.java:102)
	at org.apache.catalina.core.StandardEngineValve.invoke(StandardEngineValve.java:109)
	at org.apache.catalina.connector.CoyoteAdapter.service(CoyoteAdapter.java:298)
	at org.apache.coyote.http11.Http11Processor.process(Http11Processor.java:852)
	at org.apache.coyote.http11.Http11Protocol$Http11ConnectionHandler.process(Http11Protocol.java:588)
	at org.apache.tomcat.util.net.JIoEndpoint$Worker.run(JIoEndpoint.java:489)
	at java.lang.Thread.run(Unknown Source)

十二月 17, 2018 8:50:16 下午 org.apache.catalina.core.StandardWrapperValve invoke
严重: Servlet.service() for servlet service threw exception
java.io.IOException: Can't get resource from train/GLD5020/gld_account.bm
	at uncertain.composite.CompositeLoader.loadFromClassPath_NC(CompositeLoader.java:334)
	at uncertain.composite.CompositeLoader.loadFromClassPath(CompositeLoader.java:304)
	at aurora.bm.ModelFactory.getNewModelInstance(ModelFactory.java:188)
	at aurora.bm.ModelFactory.getModelForRead(ModelFactory.java:106)
	at aurora.bm.ModelFactory.getModelForRead(ModelFactory.java:117)
	at aurora.application.features.DataSetInit.processDataSet(DataSetInit.java:133)
	at aurora.application.features.DataSetInit.onPrepareServiceConfig(DataSetInit.java:62)
	at sun.reflect.GeneratedMethodAccessor119.invoke(Unknown Source)
	at sun.reflect.DelegatingMethodAccessorImpl.invoke(Unknown Source)
	at java.lang.reflect.Method.invoke(Unknown Source)
	at uncertain.event.ReflectionMethodHandle.handleEvent(ReflectionMethodHandle.java:92)
	at uncertain.event.ReflectionMethodHandle.handleEvent(ReflectionMethodHandle.java:44)
	at uncertain.event.Configuration.fireEventInternal(Configuration.java:452)
	at uncertain.event.Configuration.fireEvent(Configuration.java:364)
	at aurora.service.ServiceInstance.parseConfig(ServiceInstance.java:72)
	at aurora.service.http.AbstractFacadeServlet.doService(AbstractFacadeServlet.java:156)
	at aurora.service.http.AbstractFacadeServlet.doGet(AbstractFacadeServlet.java:92)
	at javax.servlet.http.HttpServlet.service(HttpServlet.java:617)
	at javax.servlet.http.HttpServlet.service(HttpServlet.java:717)
	at org.apache.catalina.core.ApplicationFilterChain.internalDoFilter(ApplicationFilterChain.java:290)
	at org.apache.catalina.core.ApplicationFilterChain.doFilter(ApplicationFilterChain.java:206)
	at org.apache.catalina.core.StandardWrapperValve.invoke(StandardWrapperValve.java:233)
	at org.apache.catalina.core.StandardContextValve.invoke(StandardContextValve.java:191)
	at org.apache.catalina.core.StandardHostValve.invoke(StandardHostValve.java:127)
	at org.apache.catalina.valves.ErrorReportValve.invoke(ErrorReportValve.java:102)
	at org.apache.catalina.core.StandardEngineValve.invoke(StandardEngineValve.java:109)
	at org.apache.catalina.connector.CoyoteAdapter.service(CoyoteAdapter.java:298)
	at org.apache.coyote.http11.Http11Processor.process(Http11Processor.java:852)
	at org.apache.coyote.http11.Http11Protocol$Http11ConnectionHandler.process(Http11Protocol.java:588)
	at org.apache.tomcat.util.net.JIoEndpoint$Worker.run(JIoEndpoint.java:489)
	at java.lang.Thread.run(Unknown Source)

十二月 17, 2018 8:51:23 下午 org.apache.catalina.core.StandardWrapperValve invoke
严重: Servlet.service() for servlet service threw exception
java.io.IOException: Can't get resource from train/TRA1010/tra_emploee_evels.bm
	at uncertain.composite.CompositeLoader.loadFromClassPath_NC(CompositeLoader.java:334)
	at uncertain.composite.CompositeLoader.loadFromClassPath(CompositeLoader.java:304)
	at aurora.bm.ModelFactory.getNewModelInstance(ModelFactory.java:188)
	at aurora.bm.ModelFactory.getModelForRead(ModelFactory.java:106)
	at aurora.bm.ModelFactory.getModelForRead(ModelFactory.java:117)
	at aurora.application.features.DataSetInit.processDataSet(DataSetInit.java:133)
	at aurora.application.features.DataSetInit.onPrepareServiceConfig(DataSetInit.java:62)
	at sun.reflect.GeneratedMethodAccessor119.invoke(Unknown Source)
	at sun.reflect.DelegatingMethodAccessorImpl.invoke(Unknown Source)
	at java.lang.reflect.Method.invoke(Unknown Source)
	at uncertain.event.ReflectionMethodHandle.handleEvent(ReflectionMethodHandle.java:92)
	at uncertain.event.ReflectionMethodHandle.handleEvent(ReflectionMethodHandle.java:44)
	at uncertain.event.Configuration.fireEventInternal(Configuration.java:452)
	at uncertain.event.Configuration.fireEvent(Configuration.java:364)
	at aurora.service.ServiceInstance.parseConfig(ServiceInstance.java:72)
	at aurora.service.http.AbstractFacadeServlet.doService(AbstractFacadeServlet.java:156)
	at aurora.service.http.AbstractFacadeServlet.doGet(AbstractFacadeServlet.java:92)
	at javax.servlet.http.HttpServlet.service(HttpServlet.java:617)
	at javax.servlet.http.HttpServlet.service(HttpServlet.java:717)
	at org.apache.catalina.core.ApplicationFilterChain.internalDoFilter(ApplicationFilterChain.java:290)
	at org.apache.catalina.core.ApplicationFilterChain.doFilter(ApplicationFilterChain.java:206)
	at org.apache.catalina.core.StandardWrapperValve.invoke(StandardWrapperValve.java:233)
	at org.apache.catalina.core.StandardContextValve.invoke(StandardContextValve.java:191)
	at org.apache.catalina.core.StandardHostValve.invoke(StandardHostValve.java:127)
	at org.apache.catalina.valves.ErrorReportValve.invoke(ErrorReportValve.java:102)
	at org.apache.catalina.core.StandardEngineValve.invoke(StandardEngineValve.java:109)
	at org.apache.catalina.connector.CoyoteAdapter.service(CoyoteAdapter.java:298)
	at org.apache.coyote.http11.Http11Processor.process(Http11Processor.java:852)
	at org.apache.coyote.http11.Http11Protocol$Http11ConnectionHandler.process(Http11Protocol.java:588)
	at org.apache.tomcat.util.net.JIoEndpoint$Worker.run(JIoEndpoint.java:489)
	at java.lang.Thread.run(Unknown Source)

十二月 17, 2018 9:13:38 下午 org.apache.catalina.core.StandardWrapperValve invoke
严重: Servlet.service() for servlet service threw exception
java.io.IOException: Can't get resource from train/TRA1010/tra_emploee_evels.bm
	at uncertain.composite.CompositeLoader.loadFromClassPath_NC(CompositeLoader.java:334)
	at uncertain.composite.CompositeLoader.loadFromClassPath(CompositeLoader.java:304)
	at aurora.bm.ModelFactory.getNewModelInstance(ModelFactory.java:188)
	at aurora.bm.ModelFactory.getModelForRead(ModelFactory.java:106)
	at aurora.bm.ModelFactory.getModelForRead(ModelFactory.java:117)
	at aurora.application.features.DataSetInit.processDataSet(DataSetInit.java:133)
	at aurora.application.features.DataSetInit.onPrepareServiceConfig(DataSetInit.java:62)
	at sun.reflect.GeneratedMethodAccessor119.invoke(Unknown Source)
	at sun.reflect.DelegatingMethodAccessorImpl.invoke(Unknown Source)
	at java.lang.reflect.Method.invoke(Unknown Source)
	at uncertain.event.ReflectionMethodHandle.handleEvent(ReflectionMethodHandle.java:92)
	at uncertain.event.ReflectionMethodHandle.handleEvent(ReflectionMethodHandle.java:44)
	at uncertain.event.Configuration.fireEventInternal(Configuration.java:452)
	at uncertain.event.Configuration.fireEvent(Configuration.java:364)
	at aurora.service.ServiceInstance.parseConfig(ServiceInstance.java:72)
	at aurora.service.http.AbstractFacadeServlet.doService(AbstractFacadeServlet.java:156)
	at aurora.service.http.AbstractFacadeServlet.doGet(AbstractFacadeServlet.java:92)
	at javax.servlet.http.HttpServlet.service(HttpServlet.java:617)
	at javax.servlet.http.HttpServlet.service(HttpServlet.java:717)
	at org.apache.catalina.core.ApplicationFilterChain.internalDoFilter(ApplicationFilterChain.java:290)
	at org.apache.catalina.core.ApplicationFilterChain.doFilter(ApplicationFilterChain.java:206)
	at org.apache.catalina.core.StandardWrapperValve.invoke(StandardWrapperValve.java:233)
	at org.apache.catalina.core.StandardContextValve.invoke(StandardContextValve.java:191)
	at org.apache.catalina.core.StandardHostValve.invoke(StandardHostValve.java:127)
	at org.apache.catalina.valves.ErrorReportValve.invoke(ErrorReportValve.java:102)
	at org.apache.catalina.core.StandardEngineValve.invoke(StandardEngineValve.java:109)
	at org.apache.catalina.connector.CoyoteAdapter.service(CoyoteAdapter.java:298)
	at org.apache.coyote.http11.Http11Processor.process(Http11Processor.java:852)
	at org.apache.coyote.http11.Http11Protocol$Http11ConnectionHandler.process(Http11Protocol.java:588)
	at org.apache.tomcat.util.net.JIoEndpoint$Worker.run(JIoEndpoint.java:489)
	at java.lang.Thread.run(Unknown Source)

十二月 17, 2018 9:33:46 下午 org.apache.catalina.core.StandardWrapperValve invoke
严重: Servlet.service() for servlet service threw exception
java.io.IOException: Can't get resource from train/TRA1010/tra_emploee.bm
	at uncertain.composite.CompositeLoader.loadFromClassPath_NC(CompositeLoader.java:334)
	at uncertain.composite.CompositeLoader.loadFromClassPath(CompositeLoader.java:304)
	at aurora.bm.ModelFactory.getNewModelInstance(ModelFactory.java:188)
	at aurora.bm.ModelFactory.getModelForRead(ModelFactory.java:106)
	at aurora.bm.ModelFactory.getModelForRead(ModelFactory.java:117)
	at aurora.application.features.DataSetInit.processDataSet(DataSetInit.java:133)
	at aurora.application.features.DataSetInit.onPrepareServiceConfig(DataSetInit.java:62)
	at sun.reflect.GeneratedMethodAccessor119.invoke(Unknown Source)
	at sun.reflect.DelegatingMethodAccessorImpl.invoke(Unknown Source)
	at java.lang.reflect.Method.invoke(Unknown Source)
	at uncertain.event.ReflectionMethodHandle.handleEvent(ReflectionMethodHandle.java:92)
	at uncertain.event.ReflectionMethodHandle.handleEvent(ReflectionMethodHandle.java:44)
	at uncertain.event.Configuration.fireEventInternal(Configuration.java:452)
	at uncertain.event.Configuration.fireEvent(Configuration.java:364)
	at aurora.service.ServiceInstance.parseConfig(ServiceInstance.java:72)
	at aurora.service.http.AbstractFacadeServlet.doService(AbstractFacadeServlet.java:156)
	at aurora.service.http.AbstractFacadeServlet.doGet(AbstractFacadeServlet.java:92)
	at javax.servlet.http.HttpServlet.service(HttpServlet.java:617)
	at javax.servlet.http.HttpServlet.service(HttpServlet.java:717)
	at org.apache.catalina.core.Applicati