Dec 22, 2017 5:38:12 PM org.apache.catalina.core.StandardWrapperValve invoke
SEVERE: Servlet.service() for servlet service threw exception
java.io.FileNotFoundException: /u01/web/hec3dev/webRoot/modules/train/GLD5010/gld_account_voucher_information.screen (No such file or directory)
	at java.io.FileInputStream.open(Native Method)
	at java.io.FileInputStream.<init>(FileInputStream.java:146)
	at java.io.FileInputStream.<init>(FileInputStream.java:101)
	at uncertain.composite.CompositeLoader.loadByFullFilePath_NC(CompositeLoader.java:198)
	at uncertain.composite.CompositeLoader.loadByFullFilePath(CompositeLoader.java:211)
	at uncertain.composite.CompositeLoader.loadByFile(CompositeLoader.java:254)
	at aurora.service.http.HttpServiceFactory.loadServiceConfig(HttpServiceFactory.java:86)
	at aurora.service.http.FacadeServlet.populateService(FacadeServlet.java:51)
	at aurora.service.http.AbstractFacadeServlet.doService(AbstractFacadeServlet.java:136)
	at aurora.service.http.AbstractFacadeServlet.doGet(AbstractFacadeServlet.java:92)
	at javax.servlet.http.HttpServlet.service(HttpServlet.java:617)
	at javax.servlet.http.HttpServlet.service(HttpServlet.java:717)
	at org.apache.catalina.core.ApplicationFilterChain.internalDoFilter(ApplicationFilterChain.java:290)
	at org.apache.catalina.core.ApplicationFilterChain.doFilter(ApplicationFilterChain.java:206)
	at org.apache.catalina.core.StandardWrapperValve.invoke(StandardWrapperValve.java:233)
	at org.apache.catalina.core.StandardContextValve.invoke(StandardContextValve.java:191)
	at org.apache.catalina.core.StandardHostValve.invoke(StandardHostValve.java:127)
	at org.apache.catalina.valves.ErrorReportValve.invoke(ErrorReportValve.java:102)
	at org.apache.catalina.core.StandardEngineValve.invoke(StandardEngineValve.java:109)
	at org.apache.catalina.connector.CoyoteAdapter.service(CoyoteAdapter.java:298)
	at org.apache.coyote.http11.Http11Processor.process(Http11Processor.java:852)
	at org.apache.coyote.http11.Http11Protocol$Http11ConnectionHandler.process(Http11Protocol.java:588)
	at org.apache.tomcat.util.net.JIoEndpoint$Worker.run(JIoEndpoint.java:489)
	at java.lang.Thread.run(Thread.java:745)

