2018-12-27 10:24:50.376 [uncertain.core] [INFO] Uncertain engine startup
2018-12-27 10:24:50.376 [leaf.presentation] [INFO] Leaf Presentation Framework Startup... 
2018-12-27 10:24:50.376 [leaf.presentation] [CONFIG] Loading 2 view component packages
2018-12-27 10:24:50.376 [leaf.presentation] [INFO]  =============== Loading package from D:\1.SoftWare\20.git\workspace\Pro01\1.hls_workspace\leaf1.0\leaf-core\src\main\webapp\lib\LeafUI\src/leaf.ui.std
2018-12-27 10:24:50.485 [leaf.presentation] [CONFIG] Components:{{http://www.leaf-framework.org/application}rightNavBars=leaf.presentation.ViewComponent@4fe55a71, {http://www.leaf-framework.org/application}dateTimePicker=leaf.presentation.ViewComponent@1132dd69, {http://www.leaf-framework.org/application}gridBox=leaf.presentation.ViewComponent@32d4c628, {http://www.leaf-framework.org/application}lov=leaf.presentation.ViewComponent@b9ae070, {http://www.leaf-framework.org/application}screenToolBar=leaf.presentation.ViewComponent@6e4905a0, {http://www.leaf-framework.org/application}leftNavBar=leaf.presentation.ViewComponent@69175495, {http://www.leaf-framework.org/application}textField=leaf.presentation.ViewComponent@7d663a19, {http://www.leaf-framework.org/application}menuBlock=leaf.presentation.ViewComponent@2123dca5, {http://www.leaf-framework.org/application}viewForm=leaf.presentation.ViewComponent@7e1b924, {http://www.leaf-framework.org/application}windowToolbar=leaf.presentation.ViewComponent@5481e6b1, {http://www.leaf-framework.org/application}htmlInclude=leaf.presentation.ViewComponent@18fba8ca, {http://www.leaf-framework.org/application}comboBox=leaf.presentation.ViewComponent@27028984, {http://www.leaf-framework.org/application}dashboard=leaf.presentation.ViewComponent@2da02cd9, {http://www.leaf-framework.org/application}repeater=leaf.presentation.ViewComponent@764ff3b2, {http://www.leaf-framework.org/application}grid=leaf.presentation.ViewComponent@33b7b849, {http://www.leaf-framework.org/application}roundButton=leaf.presentation.ViewComponent@4a5912, {http://www.leaf-framework.org/application}spinner=leaf.presentation.ViewComponent@2ca06b26, {http://www.leaf-framework.org/application}hBox=leaf.presentation.ViewComponent@257bcf63, {http://www.leaf-framework.org/application}dateField=leaf.presentation.ViewComponent@2b805e75, {http://www.leaf-framework.org/application}defaultScreen=leaf.presentation.ViewComponent@79d010de, {http://www.leaf-framework.org/application}tree=leaf.presentation.ViewComponent@5686ad99, {http://www.leaf-framework.org/application}toogleButton=leaf.presentation.ViewComponent@2dfd70fd, {http://www.leaf-framework.org/application}freeMarker=leaf.presentation.ViewComponent@4a7f0c1, {http://www.leaf-framework.org/application}wizardScreen=leaf.presentation.ViewComponent@7d88466b, {http://www.leaf-framework.org/application}printableScreen=leaf.presentation.ViewComponent@1e01c626, {http://www.leaf-framework.org/application}portalPanel=leaf.presentation.ViewComponent@58bd2783, {http://www.leaf-framework.org/application}multiLov=leaf.presentation.ViewComponent@63a7e5ad, {http://www.leaf-framework.org/application}imageCode=leaf.presentation.ViewComponent@5c235cac, {http://www.leaf-framework.org/application}multiTextField=leaf.presentation.ViewComponent@4c0381f8, {http://www.leaf-framework.org/application}percentField=leaf.presentation.ViewComponent@7db326c4, {http://www.leaf-framework.org/application}fieldBox=leaf.presentation.ViewComponent@21e53e52, {http://www.leaf-framework.org/application}screenBody=leaf.presentation.ViewComponent@67e5c0fe, {http://www.leaf-framework.org/application}hotKey=leaf.presentation.ViewComponent@373991bb, {http://www.leaf-framework.org/application}checkBox=leaf.presentation.ViewComponent@53d8149e, {http://www.leaf-framework.org/application}leftNavBars=leaf.presentation.ViewComponent@5bc7a719, {http://www.leaf-framework.org/application}vBox=leaf.presentation.ViewComponent@12ec7eaf, {http://www.leaf-framework.org/application}viewFieldSet=leaf.presentation.ViewComponent@69a39100, {http://www.leaf-framework.org/application}toolBar=leaf.presentation.ViewComponent@7a4c044e, {http://www.leaf-framework.org/application}screen-include=leaf.presentation.ViewComponent@1cd58b71, {http://www.leaf-framework.org/application}passWord=leaf.presentation.ViewComponent@6d3d8742, {http://www.leaf-framework.org/application}queryToolbar=leaf.presentation.ViewComponent@18633074, {http://www.leaf-framework.org/application}currencyLabel=leaf.presentation.ViewComponent@2972942, {http://www.leaf-framework.org/application}toolbarButton=leaf.presentation.ViewComponent@3229b462, {http://www.leaf-framework.org/application}dataSet=leaf.presentation.ViewComponent@33af32f2, {http://www.leaf-framework.org/application}tabBarChart=leaf.presentation.ViewComponent@324e4463, {http://www.leaf-framework.org/application}textArea=leaf.presentation.ViewComponent@9a8a651, {http://www.leaf-framework.org/application}screenTopToolbar=leaf.presentation.ViewComponent@76dd89a2, {http://www.leaf-framework.org/application}listView=leaf.presentation.ViewComponent@3caf0d29, {http://www.leaf-framework.org/application}accordionPanel=leaf.presentation.ViewComponent@7c822b83, {http://www.leaf-framework.org/application}preButton=leaf.presentation.ViewComponent@3054806c, {http://www.leaf-framework.org/application}formView=leaf.presentation.ViewComponent@2ade9f5d, {http://www.leaf-framework.org/application}code=leaf.presentation.ViewComponent@6edc096a, html-page=leaf.presentation.ViewComponent@3efe901, {http://www.leaf-framework.org/application}tabPanel=leaf.presentation.ViewComponent@17ac4ef0, {http://www.leaf-framework.org/application}numberField=leaf.presentation.ViewComponent@49d60f2f, {http://www.leaf-framework.org/application}label=leaf.presentation.ViewComponent@47cfd826, {http://www.leaf-framework.org/application}form=leaf.presentation.ViewComponent@3b94963f, {http://www.leaf-framework.org/application}graphic=leaf.presentation.ViewComponent@4eba9473, {http://www.leaf-framework.org/application}box=leaf.presentation.ViewComponent@376c45fc, {http://www.leaf-framework.org/application}recentList=leaf.presentation.ViewComponent@e5ba5df, {http://www.leaf-framework.org/application}toolBox=leaf.presentation.ViewComponent@1161ef45, {http://www.leaf-framework.org/application}separator=leaf.presentation.ViewComponent@be2f816, {http://www.leaf-framework.org/application}chart=leaf.presentation.ViewComponent@5ef40f33, {http://www.leaf-framework.org/application}currencyField=leaf.presentation.ViewComponent@d523c6f, {http://www.leaf-framework.org/application}table=leaf.presentation.ViewComponent@1357e147, {http://www.leaf-framework.org/application}comment=leaf.presentation.ViewComponent@fe98973, {http://www.leaf-framework.org/application}dataSets=leaf.presentation.ViewComponent@711a822a, {http://www.leaf-framework.org/application}rightBar=leaf.presentation.ViewComponent@6d376922, {http://www.leaf-framework.org/application}officeEditor=leaf.presentation.ViewComponent@41c6e01a, {http://www.leaf-framework.org/application}treeGrid=leaf.presentation.ViewComponent@2a74b40, {http://www.leaf-framework.org/application}popupScreen=leaf.presentation.ViewComponent@278992ec, {http://www.leaf-framework.org/application}datePicker=leaf.presentation.ViewComponent@71219146, {http://www.leaf-framework.org/application}upload=leaf.presentation.ViewComponent@7117948, {http://www.leaf-framework.org/application}dynamicTreeGrid=leaf.presentation.ViewComponent@3fd4cfa1, {http://www.leaf-framework.org/application}screenEditor=leaf.presentation.ViewComponent@54a12445, {http://www.leaf-framework.org/application}viewItem=leaf.presentation.ViewComponent@29f72436, {http://www.leaf-framework.org/application}screenBottomToolbar=leaf.presentation.ViewComponent@25a0d379, {http://www.leaf-framework.org/application}button=leaf.presentation.ViewComponent@3c90b9ab, {http://www.leaf-framework.org/application}hapGrid=leaf.presentation.ViewComponent@614e2170, {http://www.leaf-framework.org/application}fieldGroup=leaf.presentation.ViewComponent@71887ffb, {http://www.leaf-framework.org/application}dynamicTree=leaf.presentation.ViewComponent@529041a8, {http://www.leaf-framework.org/application}multiComboBox=leaf.presentation.ViewComponent@6bf4e7b0, {http://www.leaf-framework.org/application}menuTree=leaf.presentation.ViewComponent@7b211e1f, {http://www.leaf-framework.org/application}sideBars=leaf.presentation.ViewComponent@49e4c127, {http://www.leaf-framework.org/application}nextButton=leaf.presentation.ViewComponent@192944b2, {http://www.leaf-framework.org/application}wizardToolbar=leaf.presentation.ViewComponent@55acf940, {http://www.leaf-framework.org/application}hlsAnalyseCountChart=leaf.presentation.ViewComponent@260ed40c, {http://www.leaf-framework.org/application}link=leaf.presentation.ViewComponent@490cd413, {http://www.leaf-framework.org/application}radio=leaf.presentation.ViewComponent@1ad30554, {http://www.leaf-framework.org/application}menuBar=leaf.presentation.ViewComponent@280789b7, {http://www.leaf-framework.org/application}fieldSet=leaf.presentation.ViewComponent@7879960f, {http://www.leaf-framework.org/application}queryForm=leaf.presentation.ViewComponent@57fa695f, {http://www.leaf-framework.org/application}switchCard=leaf.presentation.ViewComponent@55012f51, {http://www.leaf-framework.org/application}template=leaf.presentation.ViewComponent@415f4e77, {http://www.leaf-framework.org/application}ringChart=leaf.presentation.ViewComponent@75a271bd, {http://www.leaf-framework.org/application}sandBox=leaf.presentation.ViewComponent@71164ec7, {http://www.leaf-framework.org/application}accordionMenu=leaf.presentation.ViewComponent@2db18c13, {http://www.leaf-framework.org/application}cached-part=leaf.presentation.ViewComponent@16a65324, {http://www.leaf-framework.org/application}navBar=leaf.presentation.ViewComponent@706fe7d4, {http://www.leaf-framework.org/application}gridButton=leaf.presentation.ViewComponent@334cef68, {http://www.leaf-framework.org/application}leftBar=leaf.presentation.ViewComponent@123c3c06, {http://www.leaf-framework.org/application}screenTitle=leaf.presentation.ViewComponent@36277216, {http://www.leaf-framework.org/application}tabGrid=leaf.presentation.ViewComponent@39f96241, {http://www.leaf-framework.org/application}switch=leaf.presentation.ViewComponent@6d1aedb9}
2018-12-27 10:24:50.501 [leaf.presentation] [INFO] Loaded package leaf.ui.std
2018-12-27 10:24:50.501 [leaf.presentation] [INFO]  =============== Loading package from D:\1.SoftWare\20.git\workspace\Pro01\1.hls_workspace\leaf1.0\leaf-core\target\leaf-core\/WEB-INF/ui.template
2018-12-27 10:24:50.501 [leaf.presentation] [CONFIG] Components:{}
2018-12-27 10:24:50.501 [leaf.presentation] [INFO] Loaded package ui.template
2018-12-27 10:24:50.501 [uncertain.core] [INFO] Loaded instance leaf.presentation.PresentationManager from D:\1.SoftWare\20.git\workspace\Pro01\1.hls_workspace\leaf1.0\leaf-core\target\leaf-core\WEB-INF\leaf.presentation\presentation-manager.config
2018-12-27 10:24:50.501 [uncertain.core] [INFO] Loaded instance leaf.presentation.FreeMarkerProvider from D:\1.SoftWare\20.git\workspace\Pro01\1.hls_workspace\leaf1.0\leaf-core\target\leaf-core\WEB-INF\leaf.presentation\freemarker-provider.config
2018-12-27 10:24:50.516 [uncertain.core] [INFO] Loaded instance leaf.plugin.mail.MailServerConfig from D:\1.SoftWare\20.git\workspace\Pro01\1.hls_workspace\leaf1.0\leaf-core\target\leaf-core\WEB-INF\leaf.plugin.mail\mail.config
2018-12-27 10:24:50.516 [uncertain.core] [INFO] Loaded instance leaf.plugin.export.word.WordTemplateProvider from D:\1.SoftWare\20.git\workspace\Pro01\1.hls_workspace\leaf1.0\leaf-core\target\leaf-core\WEB-INF\leaf.plugin.export.word\word-provider.config
2018-12-27 10:24:50.516 [uncertain.core] [INFO] Loaded instance leaf.application.features.ApplicationStartupProcedureInvoker from D:\1.SoftWare\20.git\workspace\Pro01\1.hls_workspace\leaf1.0\leaf-core\target\leaf-core\WEB-INF\classes\leaf_builtin_package\leaf.base\config\app-init-procedure-invoker.config
2018-12-27 10:24:50.532 [uncertain.core] [INFO] Loaded instance leaf.service.exception.ExceptionDescriptorConfig from D:\1.SoftWare\20.git\workspace\Pro01\1.hls_workspace\leaf1.0\leaf-core\target\leaf-core\WEB-INF\classes\leaf_builtin_package\leaf.base\config\exception-descriptor.config
2018-12-27 10:24:50.532 [uncertain.core] [INFO] Loaded instance leaf.bm.BmCachedDataProvider from D:\1.SoftWare\20.git\workspace\Pro01\1.hls_workspace\leaf1.0\leaf-core\target\leaf-core\WEB-INF\classes\leaf_builtin_package\leaf.base\config\bm-cached-data-provider.config
2018-12-27 10:24:50.547 [uncertain.core] [INFO] Loaded instance leaf.datasource.DataSourceConfig from D:\1.SoftWare\20.git\workspace\Pro01\1.hls_workspace\leaf1.0\leaf-core\target\leaf-core\WEB-INF\leaf.database\datasource.config
2018-12-27 10:24:50.579 [uncertain.core] [INFO] Loaded instance leaf.database.profile.DatabaseFactory from D:\1.SoftWare\20.git\workspace\Pro01\1.hls_workspace\leaf1.0\leaf-core\target\leaf-core\WEB-INF\classes\leaf_builtin_package\leaf.database\config\database.config
2018-12-27 10:24:50.579 [uncertain.core] [INFO] Loaded instance leaf.bm.ModelFactory from D:\1.SoftWare\20.git\workspace\Pro01\1.hls_workspace\leaf1.0\leaf-core\target\leaf-core\WEB-INF\classes\leaf_builtin_package\leaf.database\config\model-factory.config
2018-12-27 10:24:50.579 [uncertain.core] [INFO] Loaded instance leaf.plugin.export.task.ReportTask from D:\1.SoftWare\20.git\workspace\Pro01\1.hls_workspace\leaf1.0\leaf-core\target\leaf-core\WEB-INF\leaf.plugin.export.task\report-task.config
2018-12-27 10:24:50.579 [uncertain.core] [INFO] Loaded instance leaf.application.ApplicationConfig from D:\1.SoftWare\20.git\workspace\Pro01\1.hls_workspace\leaf1.0\leaf-core\target\leaf-core\WEB-INF\leaf.feature\application.config
2018-12-27 10:24:50.579 [uncertain.core] [INFO] Loaded instance leaf.application.DefaultSessionInfoProvider from D:\1.SoftWare\20.git\workspace\Pro01\1.hls_workspace\leaf1.0\leaf-core\target\leaf-core\WEB-INF\classes\leaf_builtin_package\leaf.features\config\session-info-provider.config
2018-12-27 10:24:50.594 [uncertain.core] [INFO] Loaded instance leaf.service.lock.SessionLockChecker from D:\1.SoftWare\20.git\workspace\Pro01\1.hls_workspace\leaf1.0\leaf-core\target\leaf-core\WEB-INF\leaf.feature\service-lock.config
2018-12-27 10:24:50.594 [uncertain.core] [INFO] Loaded instance uncertain.proc.ProcedureRegistry from D:\1.SoftWare\20.git\workspace\Pro01\1.hls_workspace\leaf1.0\leaf-core\target\leaf-core\WEB-INF\leaf.feature\service-procedure.config
2018-12-27 10:24:50.610 [uncertain.core] [INFO] Loaded instance uncertain.event.ParticipantManager from D:\1.SoftWare\20.git\workspace\Pro01\1.hls_workspace\leaf1.0\leaf-core\target\leaf-core\WEB-INF\leaf.feature\service-listener.config
2018-12-27 10:24:50.626 [uncertain.core] [INFO] Loaded instance leaf.application.features.ServiceLogging from D:\1.SoftWare\20.git\workspace\Pro01\1.hls_workspace\leaf1.0\leaf-core\target\leaf-core\WEB-INF\leaf.feature\service-logging.config
2018-12-27 10:24:50.626 [uncertain.core] [INFO] Loaded instance leaf.application.features.msg.LeafClientInstance from D:\1.SoftWare\20.git\workspace\Pro01\1.hls_workspace\leaf1.0\leaf-core\target\leaf-core\WEB-INF\leaf.feature\msg.config
2018-12-27 10:24:50.641 [leaf.application.features.msg.Consumer] [CONFIG] start Consumer for topic:application_foundation successfull!
2018-12-27 10:24:50.641 [leaf.application.features.msg.DefaultNoticeConsumer] [CONFIG] start Consumer for topic:dml_event successfull!
2018-12-27 10:24:50.641 [leaf.application.features.msg.DefaultNoticeConsumer] [CONFIG] start Consumer for topic:task successfull!
2018-12-27 10:24:50.641 [leaf.application.features.msg] [INFO] start jms client successful!
2018-12-27 10:24:50.641 [uncertain.cache.CacheFactoryConfig] [INFO] Loading cache config file D:\1.SoftWare\20.git\workspace\Pro01\1.hls_workspace\leaf1.0\leaf-core\target\leaf-core\WEB-INF\cacheConfig\service-prompt-cache.config
2018-12-27 10:24:50.657 [uncertain.cache.CacheFactoryConfig] [INFO] Loading cache config file D:\1.SoftWare\20.git\workspace\Pro01\1.hls_workspace\leaf1.0\leaf-core\target\leaf-core\WEB-INF\cacheConfig\service-lookup-prompt-cache.config
2018-12-27 10:24:50.657 [uncertain.cache.CacheFactoryConfig] [INFO] Loading cache config file D:\1.SoftWare\20.git\workspace\Pro01\1.hls_workspace\leaf1.0\leaf-core\target\leaf-core\WEB-INF\cacheConfig\service-lookup-list-cache.config
2018-12-27 10:24:50.657 [uncertain.cache.CacheFactoryConfig] [INFO] Loading cache config file D:\1.SoftWare\20.git\workspace\Pro01\1.hls_workspace\leaf1.0\leaf-core\target\leaf-core\WEB-INF\cacheConfig\screen-access-cache.config
2018-12-27 10:24:50.657 [uncertain.cache.CacheFactoryConfig] [INFO] Loading cache config file D:\1.SoftWare\20.git\workspace\Pro01\1.hls_workspace\leaf1.0\leaf-core\target\leaf-core\WEB-INF\cacheConfig\role-service-cache.config
2018-12-27 10:24:50.657 [uncertain.cache.CacheFactoryConfig] [INFO] Loading cache config file D:\1.SoftWare\20.git\workspace\Pro01\1.hls_workspace\leaf1.0\leaf-core\target\leaf-core\WEB-INF\cacheConfig\role-bm-cache.config
2018-12-27 10:24:50.657 [uncertain.cache.CacheFactoryConfig] [INFO] Loading cache config file D:\1.SoftWare\20.git\workspace\Pro01\1.hls_workspace\leaf1.0\leaf-core\target\leaf-core\WEB-INF\cacheConfig\multi-language-description-cache.config
2018-12-27 10:24:50.657 [uncertain.core] [INFO] Loaded instance uncertain.cache.CacheFactoryConfig from D:\1.SoftWare\20.git\workspace\Pro01\1.hls_workspace\leaf1.0\leaf-core\target\leaf-core\WEB-INF\leaf.feature\cache.config
2018-12-27 10:24:50.657 [uncertain.core] [INFO] Loaded instance leaf.application.features.cstm.CustomizationDataProvider from D:\1.SoftWare\20.git\workspace\Pro01\1.hls_workspace\leaf1.0\leaf-core\target\leaf-core\WEB-INF\leaf.feature\customization-data-provider.config
2018-12-27 10:24:50.673 [uncertain.core] [INFO] Loaded instance leaf.security.CacheBasedResourceAccessChecker from D:\1.SoftWare\20.git\workspace\Pro01\1.hls_workspace\leaf1.0\leaf-core\target\leaf-core\WEB-INF\leaf.feature\cache-based-resource-access-checker.config
2018-12-27 10:24:50.673 [uncertain.core] [INFO] Loaded instance leaf.bm.CacheBasedCheckerFactory from D:\1.SoftWare\20.git\workspace\Pro01\1.hls_workspace\leaf1.0\leaf-core\target\leaf-core\WEB-INF\leaf.feature\bm-access.config
2018-12-27 10:24:50.673 [uncertain.core] [INFO] Loaded instance leaf.application.features.ResponseCacheProvider from D:\1.SoftWare\20.git\workspace\Pro01\1.hls_workspace\leaf1.0\leaf-core\target\leaf-core\WEB-INF\leaf.feature\response-cache.config
2018-12-27 10:24:50.673 [leaf.database] [INFO] Using datasource HikariDataSource (springHikariCP)
2018-12-27 10:24:50.688 [uncertain.core] [INFO] Loaded instance leaf.database.service.DatabaseServiceFactory from D:\1.SoftWare\20.git\workspace\Pro01\1.hls_workspace\leaf1.0\leaf-core\target\leaf-core\WEB-INF\classes\leaf_builtin_package\leaf.database\config\database-service-factory.config
2018-12-27 10:24:50.688 [uncertain.core] [INFO] Loaded instance leaf.security.AccessCheckRuleConfig from D:\1.SoftWare\20.git\workspace\Pro01\1.hls_workspace\leaf1.0\leaf-core\target\leaf-core\WEB-INF\leaf.security\access-check-rule.config
2018-12-27 10:24:50.688 [uncertain.core] [INFO] Loaded instance leaf.application.features.RequestRecorder from D:\1.SoftWare\20.git\workspace\Pro01\1.hls_workspace\leaf1.0\leaf-core\target\leaf-core\WEB-INF\leaf.feature\request-record.config
2018-12-27 10:24:50.704 [uncertain.core] [INFO] Loaded instance leaf.i18n.CacheBasedMessageProvider from D:\1.SoftWare\20.git\workspace\Pro01\1.hls_workspace\leaf1.0\leaf-core\target\leaf-core\WEB-INF\leaf.feature\service-prompt.config
2018-12-27 10:24:50.704 [uncertain.core] [INFO] Loaded instance leaf.application.features.CacheBasedLookupCodeProvider from D:\1.SoftWare\20.git\workspace\Pro01\1.hls_workspace\leaf1.0\leaf-core\target\leaf-core\WEB-INF\leaf.feature\service-lookup.config
2018-12-27 10:24:50.719 [leaf.monitor] [INFO] request recorder initialize
2018-12-27 10:24:50.766 [uncertain.core] [INFO] =========== Loading participant in {service} scope =============
2018-12-27 10:24:50.766 [uncertain.core] [INFO] No.1 type=leaf.service.json.JSONServiceInterpreter
2018-12-27 10:24:50.766 [uncertain.core] [INFO] New instance created
2018-12-27 10:24:50.766 [uncertain.core] [INFO] No.2 type=leaf.plugin.export.ModelOutput
2018-12-27 10:24:50.766 [uncertain.core] [INFO] New instance created
2018-12-27 10:24:50.766 [uncertain.core] [INFO] No.3 type=leaf.application.action.DoDispatch
2018-12-27 10:24:50.766 [uncertain.core] [INFO] New instance created
2018-12-27 10:24:50.766 [uncertain.core] [INFO] No.4 type=leaf.application.features.DataSetInit
2018-12-27 10:24:50.766 [uncertain.core] [INFO] New instance created
2018-12-27 10:24:50.766 [uncertain.core] [INFO] No.5 type=leaf.application.features.cstm.ConfigCustomizationListener
2018-12-27 10:24:50.766 [uncertain.core] [INFO] New instance created
2018-12-27 10:24:50.766 [uncertain.core] [INFO] No.6 type=leaf.application.features.CachedScreenListener
2018-12-27 10:24:50.766 [uncertain.core] [INFO] New instance created
2018-12-27 10:24:50.766 [uncertain.core] [INFO] No.7 type=leaf.application.features.UploadInit
2018-12-27 10:24:50.766 [uncertain.core] [INFO] New instance created
2018-12-27 10:24:50.766 [uncertain.core] [INFO] No.8 type=leaf.service.lock.SessionLockChecker
2018-12-27 10:24:50.766 [uncertain.core] [INFO] Got from global instance registry
2018-12-27 10:24:50.766 [uncertain.core] [INFO] No.9 type=leaf.application.features.RequestRecorder
2018-12-27 10:24:50.766 [uncertain.core] [INFO] New instance created
2018-12-27 10:24:50.766 [uncertain.core] [INFO] No.10 type=leaf.security.AccessCheck
2018-12-27 10:24:50.766 [uncertain.core] [INFO] New instance created
2018-12-27 10:24:50.766 [uncertain.core] [INFO] No.11 type=leaf.service.exception.ScreenException
2018-12-27 10:24:50.766 [uncertain.core] [INFO] New instance created
2018-12-27 10:24:50.766 [uncertain.core] [INFO] No.12 type=hls.layout.cstm.DynamicLayoutListener
2018-12-27 10:24:50.766 [uncertain.core] [INFO] New instance created
2018-12-27 10:24:50.876 [uncertain.core] [INFO] UncertainEngine startup success in 516 ms
