2018-12-27 10:26:10.160 [uncertain.proc] [CONFIG] Enter procedure pre-service
2018-12-27 10:26:10.160 [leaf.application.session_check] [CONFIG] Session data copied to context
2018-12-27 10:26:10.160 [uncertain.proc] [CONFIG] Enter procedure case
2018-12-27 10:26:10.160 [uncertain.proc] [CONFIG] Enter procedure case
2018-12-27 10:26:10.160 [leaf.application.session_check] [CONFIG] Checking BM access sys.sys_employees for operation query
2018-12-27 10:26:10.164 [leaf.application.session_check] [CONFIG] Result from leaf.bm.DefaultAccessChecker@2ca95b7f is true
2018-12-27 10:26:10.164 [uncertain.proc] [CONFIG] [action] AccessCheck
2018-12-27 10:26:10.165 [uncertain.proc] [CONFIG] Enter procedure procedure
2018-12-27 10:26:10.166 [uncertain.proc] [CONFIG] Enter procedure case
2018-12-27 10:26:10.166 [uncertain.proc] [CONFIG] [action] CheckServiceLock
2018-12-27 10:26:10.167 [uncertain.proc] [CONFIG] [action] ParseParameter
2018-12-27 10:26:10.167 [uncertain.proc] [CONFIG] [action] ValidateInput
2018-12-27 10:26:10.167 [uncertain.proc] [CONFIG] [action] InvokeService
2018-12-27 10:26:10.167 [uncertain.proc] [CONFIG] Enter procedure procedure
2018-12-27 10:26:10.168 [leaf.database] [CONFIG] ===================================== prepare to run model-query sys.sys_employees==============================
2018-12-27 10:26:10.198 [uncertain.proc] [CONFIG] Enter procedure procedure
2018-12-27 10:26:10.199 [uncertain.proc] [CONFIG] Enter procedure procedure
2018-12-27 10:26:10.199 [uncertain.proc] [CONFIG] [action] DecideSqlGenerationMode
2018-12-27 10:26:10.199 [uncertain.proc] [CONFIG] Enter procedure case
2018-12-27 10:26:10.199 [uncertain.proc] [CONFIG] [action] CreateOperationSql
2018-12-27 10:26:10.199 [uncertain.proc] [CONFIG] [action] PopulateOperationSql
2018-12-27 10:26:10.200 [uncertain.proc] [CONFIG] [action] ExecuteQuery
2018-12-27 10:26:10.210 [uncertain.proc] [CONFIG] [action] QueryFinish
2018-12-27 10:26:10.210 [uncertain.proc] [CONFIG] [action] FetchResultSet
2018-12-27 10:26:10.211 [leaf.database] [CONFIG] 
============= BEGIN [query] SQL Statement execution dump ============

            SELECT
                eop.position_id,
                su.user_id,
                su.user_name,
                su.employee_id,
                (SELECT
                    DESCRIPTION_TEXT
                FROM
                    fnd_descriptions
                WHERE
                    DESCRIPTION_ID = eop.description_id AND
                    Language       = 'ZHS'
                ) AS position_name,
                eep.email,
                eep.phone
            FROM
                sys_user su,
                exp_employee_assigns eea,
                exp_org_position eop,
                exp_employees eep
            WHERE
                su.employee_id            = eea.employee_id AND
                eea.position_id           = eop.position_id AND
                eep.employee_id           = su.employee_id AND
                su.user_id                = ? AND
                eea.enabled_flag          = 'Y' AND
                eea.primary_position_flag = 'Y'
        
---------------------Binding info---------------------
No.1	Access path:/session/@user_id	Data type of passed value :java.lang.Long	Value:1	Output:false	Database Type:null	

=============== END [query] SQL Statement execution dump ============

2018-12-27 10:26:10.211 [uncertain.proc] [CONFIG] Enter procedure case
2018-12-27 10:26:10.211 [uncertain.proc] [CONFIG] [action] CreateSuccessResponse
