2018-12-27 10:26:12.689 [uncertain.proc] [CONFIG] Enter procedure pre-service
2018-12-27 10:26:12.690 [leaf.application.session_check] [CONFIG] Session data copied to context
2018-12-27 10:26:12.690 [uncertain.proc] [CONFIG] Enter procedure case
2018-12-27 10:26:12.690 [uncertain.proc] [CONFIG] Enter procedure case
2018-12-27 10:26:12.690 [leaf.application.session_check] [CONFIG] Checking BM access sys.sys_user_home_page for operation query
2018-12-27 10:26:12.691 [leaf.application.session_check] [CONFIG] Result from leaf.bm.DefaultAccessChecker@4a93828d is true
2018-12-27 10:26:12.691 [uncertain.proc] [CONFIG] [action] AccessCheck
2018-12-27 10:26:12.693 [uncertain.proc] [CONFIG] Enter procedure procedure
2018-12-27 10:26:12.694 [uncertain.proc] [CONFIG] Enter procedure case
2018-12-27 10:26:12.694 [uncertain.proc] [CONFIG] [action] CheckServiceLock
2018-12-27 10:26:12.694 [uncertain.proc] [CONFIG] [action] ParseParameter
2018-12-27 10:26:12.694 [uncertain.proc] [CONFIG] [action] ValidateInput
2018-12-27 10:26:12.694 [uncertain.proc] [CONFIG] [action] InvokeService
2018-12-27 10:26:12.694 [uncertain.proc] [CONFIG] Enter procedure procedure
2018-12-27 10:26:12.695 [leaf.database] [CONFIG] ===================================== prepare to run model-query sys.sys_user_home_page==============================
2018-12-27 10:26:12.711 [uncertain.proc] [CONFIG] Enter procedure procedure
2018-12-27 10:26:12.715 [uncertain.proc] [CONFIG] Enter procedure procedure
2018-12-27 10:26:12.715 [uncertain.proc] [CONFIG] [action] DecideSqlGenerationMode
2018-12-27 10:26:12.715 [uncertain.proc] [CONFIG] Enter procedure case
2018-12-27 10:26:12.715 [uncertain.proc] [CONFIG] [action] CreateOperationSql
2018-12-27 10:26:12.715 [uncertain.proc] [CONFIG] [action] PopulateOperationSql
2018-12-27 10:26:12.715 [uncertain.proc] [CONFIG] [action] ExecuteQuery
2018-12-27 10:26:12.739 [uncertain.proc] [CONFIG] [action] QueryFinish
2018-12-27 10:26:12.992 [uncertain.proc] [CONFIG] [action] FetchResultSet
2018-12-27 10:26:12.992 [leaf.database] [CONFIG] 
============= BEGIN [query] SQL Statement execution dump ============

                select suhp.user_home_page_id,
                       suhp.role_id,
                       suhp.user_id,
                       suhp.content,
                       suhp.subject,
                       (select sfv.function_name
                          from sys_function_v sfv
                         where sfv.function_code = suhp.function_code) function_name,
                         (select sfv.service_name
                          from sys_function_v sfv
                         where sfv.function_code = suhp.function_code) service_name,
                       suhp.function_code,
                       (select srw.image from sys_role_widget srw where srw.function_code
                       = suhp.function_code and srw.role_id = suhp.role_id) image
              from sys_user_home_page suhp
               WHERE role_id = ? AND user_id = ? AND (suhp.subject=? or suhp.subject is null)
            
---------------------Binding info---------------------
No.1	Access path:@role_id	Data type of passed value :java.lang.Long	Value:1	Output:false	Database Type:null	
No.2	Access path:@user_id	Data type of passed value :java.lang.Long	Value:1	Output:false	Database Type:null	
No.3	Access path:/session/@subject	Data type of passed value :java.lang.String	Value:HAP	Output:false	Database Type:null	

=============== END [query] SQL Statement execution dump ============

2018-12-27 10:26:12.992 [uncertain.proc] [CONFIG] Enter procedure case
2018-12-27 10:26:12.992 [uncertain.proc] [CONFIG] [action] CreateSuccessResponse
