2018-12-27 10:33:52.641 [uncertain.proc] [CONFIG] Enter procedure pre-service
2018-12-27 10:33:52.641 [leaf.application.session_check] [CONFIG] Session data copied to context
2018-12-27 10:33:52.641 [uncertain.proc] [CONFIG] Enter procedure case
2018-12-27 10:33:52.641 [uncertain.proc] [CONFIG] Enter procedure case
2018-12-27 10:33:52.641 [leaf.application.session_check] [CONFIG] Checking BM access sys.sys_page_function_visit for operation update
2018-12-27 10:33:52.643 [leaf.application.session_check] [CONFIG] Result from leaf.bm.DefaultAccessChecker@75ad6c49 is true
2018-12-27 10:33:52.643 [uncertain.proc] [CONFIG] [action] AccessCheck
2018-12-27 10:33:52.645 [uncertain.proc] [CONFIG] Enter procedure procedure
2018-12-27 10:33:52.645 [uncertain.proc] [CONFIG] Enter procedure case
2018-12-27 10:33:52.645 [uncertain.proc] [CONFIG] [action] CheckServiceLock
2018-12-27 10:33:52.645 [uncertain.proc] [CONFIG] [action] ParseParameter
2018-12-27 10:33:52.645 [uncertain.proc] [CONFIG] [action] ValidateInput
2018-12-27 10:33:52.645 [uncertain.proc] [CONFIG] [action] InvokeService
2018-12-27 10:33:52.645 [uncertain.proc] [CONFIG] Enter procedure procedure
2018-12-27 10:33:52.657 [uncertain.proc] [CONFIG] Enter procedure procedure
2018-12-27 10:33:52.658 [uncertain.proc] [CONFIG] [action] DecideStatement
2018-12-27 10:33:52.658 [uncertain.proc] [CONFIG] Enter procedure procedure
2018-12-27 10:33:52.659 [uncertain.proc] [CONFIG] [action] DecideSqlGenerationMode
2018-12-27 10:33:52.659 [uncertain.proc] [CONFIG] Enter procedure case
2018-12-27 10:33:52.659 [uncertain.proc] [CONFIG] [action] CreateOperationSql
2018-12-27 10:33:52.659 [uncertain.proc] [CONFIG] [action] PopulateOperationSql
2018-12-27 10:33:52.659 [uncertain.proc] [CONFIG] [action] CreateSqlRunner
2018-12-27 10:33:52.659 [uncertain.proc] [CONFIG] [action] ExecuteDmlStatement
2018-12-27 10:33:53.31 [leaf.database] [CONFIG] 
============= BEGIN [Update] SQL Statement execution dump ============

		        begin
                      sys_page_favorites_pkg.hit_manager_layout(p_function_code   => ?,
			                  									  p_role_id       	=> ?,
								                                  p_user_id       	=> ?,
								                                  p_company_id    	=> ?,
								                                  p_service_name    => ?,
								                                  p_layout_code     =>?,
								                                  p_function_name   =>?
								                                  );
                end; 
        	
---------------------Binding info---------------------
No.1	Access path:@function_code	Data type of passed value :java.lang.String	Value:ANA002	Output:false	Database Type:null	
No.2	Access path:/session/@role_id	Data type of passed value :java.lang.Long	Value:1	Output:false	Database Type:null	
No.3	Access path:/session/@user_id	Data type of passed value :java.lang.Long	Value:1	Output:false	Database Type:null	
No.4	Access path:/session/@company_id	Data type of passed value :java.lang.Long	Value:2145	Output:false	Database Type:null	
No.5	Access path:@main_service_name	Data type of passed value :[null]	Value:null	Output:true	Database Type:null	
No.6	Access path:@layout_code	Data type of passed value :[null]	Value:null	Output:true	Database Type:null	
No.7	Access path:@function_name	Data type of passed value :[null]	Value:null	Output:true	Database Type:null	

=============== END [Update] SQL Statement execution dump ============

2018-12-27 10:33:53.31 [uncertain.proc] [CONFIG] Enter procedure case
2018-12-27 10:33:53.31 [uncertain.proc] [CONFIG] [action] CreateSuccessResponse
