2018-12-27 10:33:54.965 [uncertain.proc] [CONFIG] Enter procedure pre-service
2018-12-27 10:33:54.965 [leaf.application.session_check] [CONFIG] Session data copied to context
2018-12-27 10:33:54.965 [uncertain.proc] [CONFIG] Enter procedure case
2018-12-27 10:33:54.966 [uncertain.proc] [CONFIG] Enter procedure case
2018-12-27 10:33:54.966 [leaf.application.session_check] [CONFIG] Checking BM access sys.SYS2520.sys_analytics_summary_of_day for operation query
2018-12-27 10:33:54.968 [leaf.application.session_check] [CONFIG] Result from leaf.bm.DefaultAccessChecker@24ef8633 is true
2018-12-27 10:33:54.968 [uncertain.proc] [CONFIG] [action] AccessCheck
2018-12-27 10:33:54.969 [uncertain.proc] [CONFIG] Enter procedure procedure
2018-12-27 10:33:54.970 [uncertain.proc] [CONFIG] Enter procedure case
2018-12-27 10:33:54.970 [uncertain.proc] [CONFIG] [action] CheckServiceLock
2018-12-27 10:33:54.970 [uncertain.proc] [CONFIG] [action] ParseParameter
2018-12-27 10:33:54.970 [uncertain.proc] [CONFIG] [action] ValidateInput
2018-12-27 10:33:54.970 [uncertain.proc] [CONFIG] [action] InvokeService
2018-12-27 10:33:54.970 [uncertain.proc] [CONFIG] Enter procedure procedure
2018-12-27 10:33:54.970 [leaf.database] [CONFIG] ===================================== prepare to run model-query sys.SYS2520.sys_analytics_summary_of_day==============================
2018-12-27 10:33:55.224 [uncertain.proc] [CONFIG] Enter procedure procedure
2018-12-27 10:33:55.224 [uncertain.proc] [CONFIG] Enter procedure procedure
2018-12-27 10:33:55.224 [uncertain.proc] [CONFIG] [action] DecideSqlGenerationMode
2018-12-27 10:33:55.224 [uncertain.proc] [CONFIG] Enter procedure case
2018-12-27 10:33:55.225 [uncertain.proc] [CONFIG] [action] CreatequeryStatement
2018-12-27 10:33:55.225 [uncertain.proc] [CONFIG] [action] PopulatequeryStatement
2018-12-27 10:33:55.225 [uncertain.proc] [CONFIG] [action] CreatequerySql
2018-12-27 10:33:55.225 [uncertain.proc] [CONFIG] [action] ExecuteQuery
2018-12-27 10:33:55.234 [uncertain.proc] [CONFIG] [action] QueryFinish
2018-12-27 10:33:55.245 [uncertain.proc] [CONFIG] [action] FetchResultSet
2018-12-27 10:33:55.245 [leaf.database] [CONFIG] 
============= BEGIN [query] SQL Statement execution dump ============
SELECT t1.id,to_char(day,'yyyy-mm-dd') AS day,t1.visits,t1.med_dur_screen,t1.med_dur_svc,t1.med_dur_query,t1.ratio_screen,t1.ratio_svc,t1.ratio_query
FROM sys_runtime_req_summary t1
WHERE day >= to_date(?,'yyyy-mm-dd')  AND day < to_date(?,'yyyy-mm-dd')+1 
ORDER BY day
---------------------Binding info---------------------
No.1	Access path:/parameter/@startDate	Data type of passed value :java.lang.String	Value:2018-12-20	Output:false	Database Type:null	
No.2	Access path:/parameter/@endDate	Data type of passed value :java.lang.String	Value:2018-12-27	Output:false	Database Type:null	

=============== END [query] SQL Statement execution dump ============

2018-12-27 10:33:55.245 [uncertain.proc] [CONFIG] Enter procedure case
2018-12-27 10:33:55.245 [uncertain.proc] [CONFIG] [action] CreateSuccessResponse
