2018-12-27 10:26:10.156 [uncertain.proc] [CONFIG] Enter procedure pre-service
2018-12-27 10:26:10.157 [leaf.application.session_check] [CONFIG] Session data copied to context
2018-12-27 10:26:10.157 [uncertain.proc] [CONFIG] Enter procedure case
2018-12-27 10:26:10.157 [uncertain.proc] [CONFIG] Enter procedure case
2018-12-27 10:26:10.157 [leaf.application.session_check] [CONFIG] Checking BM access sys.sys_role_vl for operation query
2018-12-27 10:26:10.164 [leaf.application.session_check] [CONFIG] Result from leaf.bm.DefaultAccessChecker@40ae9351 is true
2018-12-27 10:26:10.164 [uncertain.proc] [CONFIG] [action] AccessCheck
2018-12-27 10:26:10.166 [uncertain.proc] [CONFIG] Enter procedure procedure
2018-12-27 10:26:10.168 [uncertain.proc] [CONFIG] Enter procedure case
2018-12-27 10:26:10.168 [uncertain.proc] [CONFIG] [action] CheckServiceLock
2018-12-27 10:26:10.168 [uncertain.proc] [CONFIG] [action] ParseParameter
2018-12-27 10:26:10.168 [uncertain.proc] [CONFIG] [action] ValidateInput
2018-12-27 10:26:10.171 [uncertain.proc] [CONFIG] [action] InvokeService
2018-12-27 10:26:10.171 [uncertain.proc] [CONFIG] Enter procedure procedure
2018-12-27 10:26:10.171 [leaf.database] [CONFIG] ===================================== prepare to run model-query sys.sys_role_vl==============================
2018-12-27 10:26:10.184 [uncertain.proc] [CONFIG] Enter procedure procedure
2018-12-27 10:26:10.185 [uncertain.proc] [CONFIG] Enter procedure procedure
2018-12-27 10:26:10.185 [uncertain.proc] [CONFIG] [action] DecideSqlGenerationMode
2018-12-27 10:26:10.185 [uncertain.proc] [CONFIG] Enter procedure case
2018-12-27 10:26:10.185 [uncertain.proc] [CONFIG] [action] CreatequeryStatement
2018-12-27 10:26:10.185 [uncertain.proc] [CONFIG] [action] PopulatequeryStatement
2018-12-27 10:26:10.185 [uncertain.proc] [CONFIG] [action] CreatequerySql
2018-12-27 10:26:10.185 [uncertain.proc] [CONFIG] [action] ExecuteQuery
2018-12-27 10:26:10.203 [uncertain.proc] [CONFIG] [action] QueryFinish
2018-12-27 10:26:10.213 [uncertain.proc] [CONFIG] [action] FetchResultSet
2018-12-27 10:26:10.213 [leaf.database] [CONFIG] 
============= BEGIN [query] SQL Statement execution dump ============
SELECT t1.ROLE_ID,t1.ROLE_CODE,t1.DESCRIPTION,t1.ROLE_NAME,t1.START_DATE,t1.END_DATE
FROM SYS_ROLE_VL t1

---------------------Binding info---------------------
null
=============== END [query] SQL Statement execution dump ============

2018-12-27 10:26:10.213 [uncertain.proc] [CONFIG] Enter procedure case
2018-12-27 10:26:10.213 [uncertain.proc] [CONFIG] [action] CreateSuccessResponse
