2018-12-27 10:26:12.720 [uncertain.proc] [CONFIG] Enter procedure pre-service
2018-12-27 10:26:12.720 [leaf.application.session_check] [CONFIG] Session data copied to context
2018-12-27 10:26:12.721 [uncertain.proc] [CONFIG] Enter procedure case
2018-12-27 10:26:12.721 [uncertain.proc] [CONFIG] Enter procedure case
2018-12-27 10:26:12.721 [leaf.application.session_check] [CONFIG] Checking BM access zjwfl.ZJWFL3040.zj_wfl_my_approved_application for operation query
2018-12-27 10:26:12.723 [leaf.application.session_check] [CONFIG] Result from leaf.bm.DefaultAccessChecker@2c37c11d is true
2018-12-27 10:26:12.723 [uncertain.proc] [CONFIG] [action] AccessCheck
2018-12-27 10:26:12.725 [uncertain.proc] [CONFIG] Enter procedure procedure
2018-12-27 10:26:12.725 [uncertain.proc] [CONFIG] Enter procedure case
2018-12-27 10:26:12.725 [uncertain.proc] [CONFIG] [action] CheckServiceLock
2018-12-27 10:26:12.725 [uncertain.proc] [CONFIG] [action] ParseParameter
2018-12-27 10:26:12.725 [uncertain.proc] [CONFIG] [action] ValidateInput
2018-12-27 10:26:12.725 [uncertain.proc] [CONFIG] [action] InvokeService
2018-12-27 10:26:12.725 [uncertain.proc] [CONFIG] Enter procedure procedure
2018-12-27 10:26:12.725 [leaf.database] [CONFIG] ===================================== prepare to run model-query zjwfl.ZJWFL3040.zj_wfl_my_approved_application==============================
2018-12-27 10:26:12.743 [uncertain.proc] [CONFIG] Enter procedure procedure
2018-12-27 10:26:12.744 [uncertain.proc] [CONFIG] Enter procedure procedure
2018-12-27 10:26:12.744 [uncertain.proc] [CONFIG] [action] DecideSqlGenerationMode
2018-12-27 10:26:12.744 [uncertain.proc] [CONFIG] Enter procedure case
2018-12-27 10:26:12.745 [uncertain.proc] [CONFIG] [action] CreateOperationSql
2018-12-27 10:26:12.745 [uncertain.proc] [CONFIG] [action] PopulateOperationSql
2018-12-27 10:26:12.745 [uncertain.proc] [CONFIG] [action] ExecuteQuery
2018-12-27 10:26:12.992 [uncertain.proc] [CONFIG] [action] QueryFinish
2018-12-27 10:26:13.12 [uncertain.proc] [CONFIG] [action] FetchResultSet
2018-12-27 10:26:13.12 [leaf.database] [CONFIG] 
============= BEGIN [query] SQL Statement execution dump ============

            	select t1.instance_id,
            		   t1.approve_count,
            		   t1.record_id,
            		   t1.rcpt_record_id,
            		   t1.instance_workflow_id,
				       t1.workflow_id,
				       t1.workflow_code,
				       t1.workflow_desc,
				       t1.company_id,
				       t1.company_info,
				       t1.instance_status,
				       t1.instance_status_desc,
				       t1.node_id,
				       t1.node_desc,
				       t1.sequence_num,
				       t1.document_info,
				       t1.submitted_by,
				       (select su.user_name
                                 from sys_user su
                                where su.user_id = t1.submitted_by) user_name,
				       t1.submitted_by_name,
				       t1.approve_date,
				       t1.action_type_desc,
				       t1.record_type,
				       t1.current_node_desc,
				       t1.approve_user_name,
				       t1.rcpt_record_type
				  from zj_wfl_approved_application_v t1
					 WHERE t1.user_id=? and t1.company_id = ?
				  order by t1.record_id desc
			
---------------------Binding info---------------------
No.1	Access path:/session/@user_id	Data type of passed value :java.lang.Long	Value:1	Output:false	Database Type:null	
No.2	Access path:/session/@company_id	Data type of passed value :java.lang.Long	Value:2145	Output:false	Database Type:null	

=============== END [query] SQL Statement execution dump ============

2018-12-27 10:26:13.12 [uncertain.proc] [CONFIG] Enter procedure case
2018-12-27 10:26:13.12 [uncertain.proc] [CONFIG] [action] CreateSuccessResponse
