2018-12-20 09:28:04.919 [aurora.application.session_check] [CONFIG] Session data copied to context
2018-12-20 09:28:04.919 [aurora.application.session_check] [CONFIG] Checking BM access exp.EXP3050.sys_widget_user_info for operation query
2018-12-20 09:28:04.920 [aurora.application.session_check] [CONFIG] Result from aurora.bm.DefaultAccessChecker$ConstantChecker@7c518c8 is true
2018-12-20 09:28:04.920 [uncertain.proc] [CONFIG] [action] AccessCheck
2018-12-20 09:28:04.920 [uncertain.proc] [CONFIG] [action] CheckServiceLock
2018-12-20 09:28:04.920 [uncertain.proc] [CONFIG] [action] ParseParameter
2018-12-20 09:28:04.920 [uncertain.proc] [CONFIG] [action] ValidateInput
2018-12-20 09:28:04.920 [uncertain.proc] [CONFIG] [action] InvokeService
2018-12-20 09:28:04.921 [aurora.database] [CONFIG] ===================================== prepare to run model-query exp.EXP3050.sys_widget_user_info==============================
2018-12-20 09:28:04.924 [uncertain.proc] [CONFIG] [action] DecideSqlGenerationMode
2018-12-20 09:28:04.924 [uncertain.proc] [FINE] aurora.database.service.BusinessModelService.onDecideSqlGenerationMode
2018-12-20 09:28:04.924 [uncertain.proc] [CONFIG] [action] CreateOperationSql
2018-12-20 09:28:04.924 [uncertain.proc] [CONFIG] [action] PopulateOperationSql
2018-12-20 09:28:04.924 [uncertain.proc] [FINE] aurora.database.features.OrderByClauseCreator.onPopulateOperationSql
2018-12-20 09:28:04.924 [uncertain.proc] [FINE] aurora.database.features.WhereClauseCreator.onPopulateOperationSql
2018-12-20 09:28:04.924 [uncertain.proc] [CONFIG] [action] ExecuteQuery
2018-12-20 09:28:04.924 [uncertain.proc] [FINE] aurora.bm.QuerySqlCreator.onExecuteQuery
2018-12-20 09:28:04.925 [uncertain.proc] [CONFIG] [action] QueryFinish
2018-12-20 09:28:04.925 [uncertain.proc] [FINE] aurora.database.features.AutoQueryCounter.onQueryFinish
2018-12-20 09:28:04.927 [uncertain.proc] [CONFIG] [action] FetchResultSet
2018-12-20 09:28:04.927 [uncertain.proc] [FINE] aurora.database.features.CacheBasedLookUpField.postFetchResultSet
2018-12-20 09:28:04.927 [aurora.database] [CONFIG] 
============= BEGIN [query] SQL Statement execution dump ============

                SELECT
                    *
                FROM
                    (SELECT
                        e.employee_code,
                        e.name,
                        e.email,
                        e.mobil,
                        e.phone
                    FROM
                        sys_user u,
                        exp_employees e
                    WHERE
                        u.employee_id     = e.employee_id AND
                        u.user_id         = NVL(?,u.user_id) AND
                        upper(u.user_name) = upper(NVL(?,u.user_name)) AND
                        e.employee_id     = NVL(?,e.employee_id) AND
                        e.employee_code   = NVL(?,e.employee_code) AND
                        (
                            ?
                            || ?
                            ||?
                            ||? IS NOT NULL
                        )
                    UNION ALL
                    SELECT
                        e.employee_code,
                        e.name,
                        e.email,
                        e.mobil,
                        e.phone
                    FROM
                        sys_user u,
                        exp_employees e
                    WHERE
                        u.employee_id = e.employee_id AND
                        u.user_id     = ? )
                    WHERE
                        rownum = 1
            
---------------------Binding info---------------------
No.1	Access path:@user_id	Data type of passed value :[null]	Value:null	Output:false	Database Type:null	
No.2	Access path:@user_name	Data type of passed value :[null]	Value:null	Output:false	Database Type:null	
No.3	Access path:@employee_id	Data type of passed value :[null]	Value:null	Output:false	Database Type:null	
No.4	Access path:@employee_code	Data type of passed value :[null]	Value:null	Output:false	Database Type:null	
No.5	Access path:@user_id	Data type of passed value :[null]	Value:null	Output:false	Database Type:null	
No.6	Access path:@user_name	Data type of passed value :[null]	Value:null	Output:false	Database Type:null	
No.7	Access path:@employee_id	Data type of passed value :[null]	Value:null	Output:false	Database Type:null	
No.8	Access path:@employee_code	Data type of passed value :[null]	Value:null	Output:false	Database Type:null	
No.9	Access path:/session/@user_id	Data type of passed value :java.lang.Long	Value:2	Output:false	Database Type:null	

=============== END [query] SQL Statement execution dump ============

2018-12-20 09:28:04.927 [uncertain.proc] [CONFIG] [action] CreateSuccessResponse
