2018-12-20 09:28:03.492 [aurora.application.session_check] [CONFIG] Session data copied to context
2018-12-20 09:28:03.492 [aurora.application.session_check] [CONFIG] Access check result for main.screen => success
2018-12-20 09:28:03.492 [uncertain.proc] [CONFIG] [action] AccessCheck
2018-12-20 09:28:03.495 [uncertain.proc] [CONFIG] [action] InitService
2018-12-20 09:28:03.495 [uncertain.proc] [CONFIG] [action] ParseParameter
2018-12-20 09:28:03.495 [uncertain.proc] [CONFIG] [action] CreateModel
2018-12-20 09:28:03.495 [aurora.database] [CONFIG] ===================================== prepare to run model-query sys.sys_main_menu==============================
2018-12-20 09:28:03.499 [uncertain.proc] [CONFIG] [action] DecideSqlGenerationMode
2018-12-20 09:28:03.499 [uncertain.proc] [FINE] aurora.database.service.BusinessModelService.onDecideSqlGenerationMode
2018-12-20 09:28:03.499 [uncertain.proc] [CONFIG] [action] CreateOperationSql
2018-12-20 09:28:03.499 [uncertain.proc] [CONFIG] [action] PopulateOperationSql
2018-12-20 09:28:03.499 [uncertain.proc] [FINE] aurora.database.features.OrderByClauseCreator.onPopulateOperationSql
2018-12-20 09:28:03.499 [uncertain.proc] [FINE] aurora.database.features.WhereClauseCreator.onPopulateOperationSql
2018-12-20 09:28:03.499 [uncertain.proc] [CONFIG] [action] ExecuteQuery
2018-12-20 09:28:03.499 [uncertain.proc] [FINE] aurora.bm.QuerySqlCreator.onExecuteQuery
2018-12-20 09:28:03.505 [uncertain.proc] [CONFIG] [action] QueryFinish
2018-12-20 09:28:03.505 [uncertain.proc] [FINE] aurora.database.features.AutoQueryCounter.onQueryFinish
2018-12-20 09:28:03.505 [uncertain.proc] [CONFIG] [action] FetchResultSet
2018-12-20 09:28:03.505 [uncertain.proc] [FINE] aurora.database.features.CacheBasedLookUpField.postFetchResultSet
2018-12-20 09:28:03.506 [aurora.database] [CONFIG] 
============= BEGIN [query] SQL Statement execution dump ============

                SELECT
                    *
                FROM
                    (SELECT
                        t.function_id,
                        t.function_code,
                        t.parent_function_id,
                        (SELECT
                            DESCRIPTION_TEXT
                        FROM
                            fnd_descriptions
                        WHERE
                            DESCRIPTION_ID = t.function_name_id AND
                            Language       = ?
                        ) AS function_description,
                        (SELECT
                            COUNT(1) * 75
                        FROM
                            sys_function t,
                            sys_role_function srf
                        WHERE
                            t.function_type       = 'G' AND
                            t.parent_function_id IS NULL AND
                            t.function_id         = srf.function_id AND
                            srf.role_id           = ?
                        ) AS count_menu_length
                    FROM
                        sys_function t,
                        sys_role_function srf
                    WHERE
                        t.function_type       = 'G' AND
                        t.parent_function_id IS NULL AND
                        t.function_id         = srf.function_id AND
                        srf.role_id           = ? AND
                        EXISTS
                        (SELECT
                            1
                        FROM
                            sys_function t1,
                            sys_role_function fu1
                        WHERE
                            t1.function_type      = 'G' AND
                            t1.function_id        = fu1.function_id AND
                            t1.PARENT_FUNCTION_ID = t.function_id AND
                            fu1.role_id           = ?
                        )
                    ORDER BY
                        t.sequence
                    )v
            
---------------------Binding info---------------------
No.1	Access path:/session/@lang	Data type of passed value :java.lang.String	Value:ZHS	Output:false	Database Type:null	
No.2	Access path:/session/@role_id	Data type of passed value :java.lang.String	Value:1	Output:false	Database Type:null	
No.3	Access path:/session/@role_id	Data type of passed value :java.lang.String	Value:1	Output:false	Database Type:null	
No.4	Access path:/session/@role_id	Data type of passed value :java.lang.String	Value:1	Output:false	Database Type:null	

=============== END [query] SQL Statement execution dump ============

2018-12-20 09:28:03.506 [aurora.database] [CONFIG] ===================================== prepare to run model-query sys.sys_modules==============================
2018-12-20 09:28:03.507 [uncertain.proc] [CONFIG] [action] DecideSqlGenerationMode
2018-12-20 09:28:03.507 [uncertain.proc] [FINE] aurora.database.service.BusinessModelService.onDecideSqlGenerationMode
2018-12-20 09:28:03.507 [uncertain.proc] [CONFIG] [action] CreateOperationSql
2018-12-20 09:28:03.507 [uncertain.proc] [CONFIG] [action] PopulateOperationSql
2018-12-20 09:28:03.507 [uncertain.proc] [FINE] aurora.database.features.OrderByClauseCreator.onPopulateOperationSql
2018-12-20 09:28:03.507 [uncertain.proc] [FINE] aurora.database.features.WhereClauseCreator.onPopulateOperationSql
2018-12-20 09:28:03.507 [uncertain.proc] [CONFIG] [action] ExecuteQuery
2018-12-20 09:28:03.507 [uncertain.proc] [FINE] aurora.bm.QuerySqlCreator.onExecuteQuery
2018-12-20 09:28:03.512 [uncertain.proc] [CONFIG] [action] QueryFinish
2018-12-20 09:28:03.512 [uncertain.proc] [FINE] aurora.database.features.AutoQueryCounter.onQueryFinish
2018-12-20 09:28:03.512 [uncertain.proc] [CONFIG] [action] FetchResultSet
2018-12-20 09:28:03.512 [uncertain.proc] [FINE] aurora.database.features.CacheBasedLookUpField.postFetchResultSet
2018-12-20 09:28:03.512 [aurora.database] [CONFIG] 
============= BEGIN [query] SQL Statement execution dump ============

SELECT t.function_id,
       t.function_code,
       t.function_type,
       t.parent_function_id,
       (select DESCRIPTION_TEXT
          from fnd_descriptions
         where DESCRIPTION_ID = t.function_name_id
           and Language = ?) AS function_description,
           s.service_name
  FROM sys_function t, sys_service s, sys_role_function fu
 WHERE t.service_id = s.service_id(+)
   AND t.function_type = 'G'
   AND t.function_id = fu.function_id AND T.PARENT_FUNCTION_ID IS NOT NULL
   and fu.role_id = ?  order by t.sequence
            
---------------------Binding info---------------------
No.1	Access path:/session/@lang	Data type of passed value :java.lang.String	Value:ZHS	Output:false	Database Type:null	
No.2	Access path:/session/@role_id	Data type of passed value :java.lang.String	Value:1	Output:false	Database Type:null	

=============== END [query] SQL Statement execution dump ============

2018-12-20 09:28:03.512 [aurora.database] [CONFIG] ===================================== prepare to run model-query sys.sys_functions==============================
2018-12-20 09:28:03.513 [uncertain.proc] [CONFIG] [action] DecideSqlGenerationMode
2018-12-20 09:28:03.513 [uncertain.proc] [FINE] aurora.database.service.BusinessModelService.onDecideSqlGenerationMode
2018-12-20 09:28:03.513 [uncertain.proc] [CONFIG] [action] CreateOperationSql
2018-12-20 09:28:03.513 [uncertain.proc] [CONFIG] [action] PopulateOperationSql
2018-12-20 09:28:03.513 [uncertain.proc] [FINE] aurora.database.features.OrderByClauseCreator.onPopulateOperationSql
2018-12-20 09:28:03.513 [uncertain.proc] [FINE] aurora.database.features.WhereClauseCreator.onPopulateOperationSql
2018-12-20 09:28:03.513 [uncertain.proc] [CONFIG] [action] ExecuteQuery
2018-12-20 09:28:03.513 [uncertain.proc] [FINE] aurora.bm.QuerySqlCreator.onExecuteQuery
2018-12-20 09:28:03.529 [uncertain.proc] [CONFIG] [action] QueryFinish
2018-12-20 09:28:03.529 [uncertain.proc] [FINE] aurora.database.features.AutoQueryCounter.onQueryFinish
2018-12-20 09:28:03.530 [uncertain.proc] [CONFIG] [action] FetchResultSet
2018-12-20 09:28:03.530 [uncertain.proc] [FINE] aurora.database.features.CacheBasedLookUpField.postFetchResultSet
2018-12-20 09:28:03.530 [aurora.database] [CONFIG] 
============= BEGIN [query] SQL Statement execution dump ============

 SELECT t.function_id,
       t.function_code,
       t.function_type,
       t.parent_function_id,
       s.service_name,
       (SELECT description_text
          FROM fnd_descriptions
         WHERE description_id = t.function_name_id
           AND LANGUAGE = ?) AS function_description,
       t.sequence
  FROM sys_function t, sys_service s, sys_role_function fu
 WHERE t.service_id = s.service_id(+)
   AND t.function_type = 'F'
   AND t.function_id = fu.function_id
   and fu.role_id = ?
   order by t.sequence
             
---------------------Binding info---------------------
No.1	Access path:/session/@lang	Data type of passed value :java.lang.String	Value:ZHS	Output:false	Database Type:null	
No.2	Access path:/session/@role_id	Data type of passed value :java.lang.String	Value:1	Output:false	Database Type:null	

=============== END [query] SQL Statement execution dump ============

2018-12-20 09:28:03.530 [aurora.database] [CONFIG] ===================================== prepare to run model-query sys.sys_shortcut_config==============================
2018-12-20 09:28:03.531 [uncertain.proc] [CONFIG] [action] DecideSqlGenerationMode
2018-12-20 09:28:03.531 [uncertain.proc] [FINE] aurora.database.service.BusinessModelService.onDecideSqlGenerationMode
2018-12-20 09:28:03.531 [uncertain.proc] [CONFIG] [action] CreateOperationSql
2018-12-20 09:28:03.531 [uncertain.proc] [CONFIG] [action] PopulateOperationSql
2018-12-20 09:28:03.531 [uncertain.proc] [FINE] aurora.database.features.OrderByClauseCreator.onPopulateOperationSql
2018-12-20 09:28:03.531 [uncertain.proc] [FINE] aurora.database.features.WhereClauseCreator.onPopulateOperationSql
2018-12-20 09:28:03.531 [uncertain.proc] [CONFIG] [action] ExecuteQuery
2018-12-20 09:28:03.531 [uncertain.proc] [FINE] aurora.bm.QuerySqlCreator.onExecuteQuery
2018-12-20 09:28:03.532 [uncertain.proc] [CONFIG] [action] QueryFinish
2018-12-20 09:28:03.532 [uncertain.proc] [FINE] aurora.database.features.AutoQueryCounter.onQueryFinish
2018-12-20 09:28:03.532 [uncertain.proc] [CONFIG] [action] FetchResultSet
2018-12-20 09:28:03.532 [uncertain.proc] [FINE] aurora.database.features.CacheBasedLookUpField.postFetchResultSet
2018-12-20 09:28:03.532 [aurora.database] [CONFIG] 
============= BEGIN [query] SQL Statement execution dump ============

                SELECT
                    ss.shortcut_id,
                    ss.shortcut_title,
                    ss.shortcut_desc,
                    ss.shortcut_img_path,
                    ss.shortcut_url
                FROM
                    sys_shortcuts ss,
                    sys_shortcuts_assign ssa
                WHERE
                    ss.shortcut_id   = ssa.shortcut_id AND
                    ssa.group_id     = sys_homepage_pkg.get_homepage_group(?, ?, ?) AND
                    ssa.enabled_flag = 'Y'
                ORDER BY
                    ssa.order_sequence
            
---------------------Binding info---------------------
No.1	Access path:/session/@user_id	Data type of passed value :java.lang.Long	Value:2	Output:false	Database Type:null	
No.2	Access path:/session/@role_id	Data type of passed value :java.lang.String	Value:1	Output:false	Database Type:null	
No.3	Access path:/session/@company_id	Data type of passed value :java.lang.String	Value:386	Output:false	Database Type:null	

=============== END [query] SQL Statement execution dump ============

2018-12-20 09:28:03.533 [aurora.database] [CONFIG] ===================================== prepare to run model-query sys.sys_user_role_groups==============================
2018-12-20 09:28:03.543 [uncertain.proc] [CONFIG] [action] DecideSqlGenerationMode
2018-12-20 09:28:03.543 [uncertain.proc] [FINE] aurora.database.service.BusinessModelService.onDecideSqlGenerationMode
2018-12-20 09:28:03.543 [uncertain.proc] [CONFIG] [action] CreatequeryStatement
2018-12-20 09:28:03.543 [uncertain.proc] [FINE] aurora.bm.QuerySqlCreator.onCreateQueryStatement
2018-12-20 09:28:03.549 [uncertain.proc] [CONFIG] [action] PopulatequeryStatement
2018-12-20 09:28:03.549 [uncertain.proc] [FINE] aurora.database.features.OrderByClauseCreator.onPopulateQueryStatement
2018-12-20 09:28:03.549 [uncertain.proc] [FINE] aurora.database.features.WhereClauseCreator.onPopulateQueryStatement
2018-12-20 09:28:03.549 [uncertain.proc] [CONFIG] [action] CreatequerySql
2018-12-20 09:28:03.549 [uncertain.proc] [FINE] aurora.bm.QuerySqlCreator.onCreateQuerySql
2018-12-20 09:28:03.549 [uncertain.proc] [CONFIG] [action] ExecuteQuery
2018-12-20 09:28:03.549 [uncertain.proc] [FINE] aurora.bm.QuerySqlCreator.onExecuteQuery
2018-12-20 09:28:03.556 [uncertain.proc] [CONFIG] [action] QueryFinish
2018-12-20 09:28:03.556 [uncertain.proc] [FINE] aurora.database.features.AutoQueryCounter.onQueryFinish
2018-12-20 09:28:03.556 [uncertain.proc] [CONFIG] [action] FetchResultSet
2018-12-20 09:28:03.556 [uncertain.proc] [FINE] aurora.database.features.CacheBasedLookUpField.postFetchResultSet
2018-12-20 09:28:03.558 [aurora.database] [CONFIG] 
============= BEGIN [query] SQL Statement execution dump ============
SELECT r.user_role_group_id,r.user_id,r.role_id,r.company_id,r.role_id || '_' || r.company_id AS role_company,(select srv.role_name from sys_role_vl srv where srv.role_id = r.role_id) || '-' || (select fcv.COMPANY_SHORT_NAME from fnd_companies_vl fcv where fcv.COMPANY_ID = r.company_id) AS role_company_name,(r.role_id|| '-' || r.company_id ) AS role_company_id,(select DESCRIPTION_TEXT from fnd_descriptions where DESCRIPTION_ID=fc.company_short_name_id and Language=?) AS company_short_name,(select DESCRIPTION_TEXT from fnd_descriptions where DESCRIPTION_ID=ro.description_id and Language=?) AS role_description,(select DESCRIPTION_TEXT from fnd_descriptions where DESCRIPTION_ID=ro.role_name_id and Language=?) AS role_name,fc.company_code,fc.company_short_name_id,ro.role_code,ro.description_id,ro.role_name_id
FROM sys_user_role_groups r
	LEFT OUTER JOIN fnd_companies fc ON r.company_id = fc.company_id
	INNER JOIN sys_role ro ON r.role_id = ro.role_id
WHERE r.user_id = ? AND (r.end_date is null or r.end_date >= trunc(sysdate)) AND (ro.end_date is null or ro.end_date >= trunc(sysdate)) AND r.role_id = ? and r.user_id = ? and r.company_id = ?
---------------------Binding info---------------------
No.1	Access path:/session/@lang	Data type of passed value :java.lang.String	Value:ZHS	Output:false	Database Type:null	
No.2	Access path:/session/@lang	Data type of passed value :java.lang.String	Value:ZHS	Output:false	Database Type:null	
No.3	Access path:/session/@lang	Data type of passed value :java.lang.String	Value:ZHS	Output:false	Database Type:null	
No.4	Access path:/session/@user_id	Data type of passed value :java.lang.Long	Value:2	Output:false	Database Type:null	
No.5	Access path:/session/@role_id	Data type of passed value :java.lang.String	Value:1	Output:false	Database Type:null	
No.6	Access path:/session/@user_id	Data type of passed value :java.lang.Long	Value:2	Output:false	Database Type:null	
No.7	Access path:/session/@company_id	Data type of passed value :java.lang.String	Value:386	Output:false	Database Type:null	

=============== END [query] SQL Statement execution dump ============

2018-12-20 09:28:03.559 [aurora.database] [CONFIG] ===================================== prepare to run model-query sys.sys_user_role_groups==============================
2018-12-20 09:28:03.567 [uncertain.proc] [CONFIG] [action] DecideSqlGenerationMode
2018-12-20 09:28:03.567 [uncertain.proc] [FINE] aurora.database.service.BusinessModelService.onDecideSqlGenerationMode
2018-12-20 09:28:03.567 [uncertain.proc] [CONFIG] [action] CreatequeryStatement
2018-12-20 09:28:03.567 [uncertain.proc] [FINE] aurora.bm.QuerySqlCreator.onCreateQueryStatement
2018-12-20 09:28:03.573 [uncertain.proc] [CONFIG] [action] PopulatequeryStatement
2018-12-20 09:28:03.573 [uncertain.proc] [FINE] aurora.database.features.OrderByClauseCreator.onPopulateQueryStatement
2018-12-20 09:28:03.573 [uncertain.proc] [FINE] aurora.database.features.WhereClauseCreator.onPopulateQueryStatement
2018-12-20 09:28:03.573 [uncertain.proc] [CONFIG] [action] CreatequerySql
2018-12-20 09:28:03.573 [uncertain.proc] [FINE] aurora.bm.QuerySqlCreator.onCreateQuerySql
2018-12-20 09:28:03.573 [uncertain.proc] [CONFIG] [action] ExecuteQuery
2018-12-20 09:28:03.573 [uncertain.proc] [FINE] aurora.bm.QuerySqlCreator.onExecuteQuery
2018-12-20 09:28:04.578 [uncertain.proc] [CONFIG] [action] QueryFinish
2018-12-20 09:28:04.578 [uncertain.proc] [FINE] aurora.database.features.AutoQueryCounter.onQueryFinish
2018-12-20 09:28:04.578 [uncertain.proc] [CONFIG] [action] FetchResultSet
2018-12-20 09:28:04.578 [uncertain.proc] [FINE] aurora.database.features.CacheBasedLookUpField.postFetchResultSet
2018-12-20 09:28:04.580 [aurora.database] [CONFIG] 
============= BEGIN [query] SQL Statement execution dump ============
SELECT r.user_role_group_id,r.user_id,r.role_id,r.company_id,r.role_id || '_' || r.company_id AS role_company,(select srv.role_name from sys_role_vl srv where srv.role_id = r.role_id) || '-' || (select fcv.COMPANY_SHORT_NAME from fnd_companies_vl fcv where fcv.COMPANY_ID = r.company_id) AS role_company_name,(r.role_id|| '-' || r.company_id ) AS role_company_id,(select DESCRIPTION_TEXT from fnd_descriptions where DESCRIPTION_ID=fc.company_short_name_id and Language=?) AS company_short_name,(select DESCRIPTION_TEXT from fnd_descriptions where DESCRIPTION_ID=ro.description_id and Language=?) AS role_description,(select DESCRIPTION_TEXT from fnd_descriptions where DESCRIPTION_ID=ro.role_name_id and Language=?) AS role_name,fc.company_code,fc.company_short_name_id,ro.role_code,ro.description_id,ro.role_name_id
FROM sys_user_role_groups r
	LEFT OUTER JOIN fnd_companies fc ON r.company_id = fc.company_id
	INNER JOIN sys_role ro ON r.role_id = ro.role_id
WHERE r.user_id = ? AND (r.end_date is null or r.end_date >= trunc(sysdate)) AND (ro.end_date is null or ro.end_date >= trunc(sysdate))
---------------------Binding info---------------------
No.1	Access path:/session/@lang	Data type of passed value :java.lang.String	Value:ZHS	Output:false	Database Type:null	
No.2	Access path:/session/@lang	Data type of passed value :java.lang.String	Value:ZHS	Output:false	Database Type:null	
No.3	Access path:/session/@lang	Data type of passed value :java.lang.String	Value:ZHS	Output:false	Database Type:null	
No.4	Access path:/session/@user_id	Data type of passed value :java.lang.Long	Value:2	Output:false	Database Type:null	

=============== END [query] SQL Statement execution dump ============

2018-12-20 09:28:04.580 [aurora.database] [CONFIG] ===================================== prepare to run model-query sys.sys_function_role_reachable==============================
2018-12-20 09:28:04.581 [uncertain.proc] [CONFIG] [action] DecideSqlGenerationMode
2018-12-20 09:28:04.581 [uncertain.proc] [FINE] aurora.database.service.BusinessModelService.onDecideSqlGenerationMode
2018-12-20 09:28:04.581 [uncertain.proc] [CONFIG] [action] CreateOperationSql
2018-12-20 09:28:04.581 [uncertain.proc] [CONFIG] [action] PopulateOperationSql
2018-12-20 09:28:04.581 [uncertain.proc] [FINE] aurora.database.features.OrderByClauseCreator.onPopulateOperationSql
2018-12-20 09:28:04.581 [uncertain.proc] [FINE] aurora.database.features.WhereClauseCreator.onPopulateOperationSql
2018-12-20 09:28:04.581 [uncertain.proc] [CONFIG] [action] ExecuteQuery
2018-12-20 09:28:04.581 [uncertain.proc] [FINE] aurora.bm.QuerySqlCreator.onExecuteQuery
2018-12-20 09:28:04.582 [uncertain.proc] [CONFIG] [action] QueryFinish
2018-12-20 09:28:04.582 [uncertain.proc] [FINE] aurora.database.features.AutoQueryCounter.onQueryFinish
2018-12-20 09:28:04.582 [uncertain.proc] [CONFIG] [action] FetchResultSet
2018-12-20 09:28:04.582 [uncertain.proc] [FINE] aurora.database.features.CacheBasedLookUpField.postFetchResultSet
2018-12-20 09:28:04.583 [aurora.database] [CONFIG] 
============= BEGIN [query] SQL Statement execution dump ============

				select 'true' as reachable
				  from dual
				 where exists (select 1
				          from sys_role_function f
				         inner join sys_function fun
				            on f.function_id = fun.function_id
				         where fun.function_type != 'N'
				           and f.role_id = ?
				           and exists (select 1
				                  from sys_function sf, sys_service ss
				                 where sf.service_id = ss.service_id
				                   and ss.service_name = ?
				                   and sf.function_id = f.function_id
				                ))
				  union all
				  
				  select 'false' as reachable from dual
				  where not exists (select 1
				          from sys_role_function f
				         inner join sys_function fun
				            on f.function_id = fun.function_id
				         where fun.function_type != 'N'
				           and f.role_id = ?
				           and exists (select 1
				                  from sys_function sf, sys_service ss
				                 where sf.service_id = ss.service_id
				                   and ss.service_name = ?
				                   and sf.function_id = f.function_id
				                ))
			
---------------------Binding info---------------------
No.1	Access path:/session/@role_id	Data type of passed value :java.lang.String	Value:1	Output:false	Database Type:null	
No.2	Access path:@service_name	Data type of passed value :[null]	Value:null	Output:false	Database Type:null	
No.3	Access path:/session/@role_id	Data type of passed value :java.lang.String	Value:1	Output:false	Database Type:null	
No.4	Access path:@service_name	Data type of passed value :[null]	Value:null	Output:false	Database Type:null	

=============== END [query] SQL Statement execution dump ============

2018-12-20 09:28:04.583 [aurora.database] [CONFIG] ===================================== prepare to run model-query sys.sys_main_init==============================
2018-12-20 09:28:04.584 [uncertain.proc] [CONFIG] [action] DecideSqlGenerationMode
2018-12-20 09:28:04.584 [uncertain.proc] [FINE] aurora.database.service.BusinessModelService.onDecideSqlGenerationMode
2018-12-20 09:28:04.584 [uncertain.proc] [CONFIG] [action] CreateOperationSql
2018-12-20 09:28:04.584 [uncertain.proc] [CONFIG] [action] PopulateOperationSql
2018-12-20 09:28:04.584 [uncertain.proc] [FINE] aurora.database.features.OrderByClauseCreator.onPopulateOperationSql
2018-12-20 09:28:04.584 [uncertain.proc] [FINE] aurora.database.features.WhereClauseCreator.onPopulateOperationSql
2018-12-20 09:28:04.584 [uncertain.proc] [CONFIG] [action] ExecuteQuery
2018-12-20 09:28:04.584 [uncertain.proc] [FINE] aurora.bm.QuerySqlCreator.onExecuteQuery
2018-12-20 09:28:04.585 [uncertain.proc] [CONFIG] [action] QueryFinish
2018-12-20 09:28:04.585 [uncertain.proc] [FINE] aurora.database.features.AutoQueryCounter.onQueryFinish
2018-12-20 09:28:04.585 [uncertain.proc] [CONFIG] [action] FetchResultSet
2018-12-20 09:28:04.585 [uncertain.proc] [FINE] aurora.database.features.CacheBasedLookUpField.postFetchResultSet
2018-12-20 09:28:04.585 [aurora.database] [CONFIG] 
============= BEGIN [query] SQL Statement execution dump ============

        select t.role_id, s.service_id, s.service_name
  from sys_role t, sys_service s
 
  WHERE s.service_id = t.service_id and t.role_id = ?

---------------------Binding info---------------------
No.1	Access path:/session/@role_id	Data type of passed value :java.lang.String	Value:1	Output:false	Database Type:null	

=============== END [query] SQL Statement execution dump ============

2018-12-20 09:28:04.585 [aurora.database] [CONFIG] ===================================== prepare to run model-query sys.sys_enable_image_system_query==============================
2018-12-20 09:28:04.586 [uncertain.proc] [CONFIG] [action] DecideSqlGenerationMode
2018-12-20 09:28:04.586 [uncertain.proc] [FINE] aurora.database.service.BusinessModelService.onDecideSqlGenerationMode
2018-12-20 09:28:04.587 [uncertain.proc] [CONFIG] [action] CreateOperationSql
2018-12-20 09:28:04.587 [uncertain.proc] [CONFIG] [action] PopulateOperationSql
2018-12-20 09:28:04.587 [uncertain.proc] [FINE] aurora.database.features.OrderByClauseCreator.onPopulateOperationSql
2018-12-20 09:28:04.587 [uncertain.proc] [FINE] aurora.database.features.WhereClauseCreator.onPopulateOperationSql
2018-12-20 09:28:04.587 [uncertain.proc] [CONFIG] [action] ExecuteQuery
2018-12-20 09:28:04.587 [uncertain.proc] [FINE] aurora.bm.QuerySqlCreator.onExecuteQuery
2018-12-20 09:28:04.588 [uncertain.proc] [CONFIG] [action] QueryFinish
2018-12-20 09:28:04.588 [uncertain.proc] [FINE] aurora.database.features.AutoQueryCounter.onQueryFinish
2018-12-20 09:28:04.588 [uncertain.proc] [CONFIG] [action] FetchResultSet
2018-12-20 09:28:04.588 [uncertain.proc] [FINE] aurora.database.features.CacheBasedLookUpField.postFetchResultSet
2018-12-20 09:28:04.588 [aurora.database] [CONFIG] 
============= BEGIN [query] SQL Statement execution dump ============

            select sys_parameter_pkg.value('SYS_ENABLE_IMAGE_SYSTEM') as enable_image_system
  				from dual
			
---------------------Binding info---------------------
null
=============== END [query] SQL Statement execution dump ============

2018-12-20 09:28:04.588 [aurora.database] [CONFIG] ===================================== prepare to run model-query sys.SYS1130.sys_user_info==============================
2018-12-20 09:28:04.591 [uncertain.proc] [CONFIG] [action] DecideSqlGenerationMode
2018-12-20 09:28:04.591 [uncertain.proc] [FINE] aurora.database.service.BusinessModelService.onDecideSqlGenerationMode
2018-12-20 09:28:04.591 [uncertain.proc] [CONFIG] [action] CreatequeryStatement
2018-12-20 09:28:04.591 [uncertain.proc] [FINE] aurora.bm.QuerySqlCreator.onCreateQueryStatement
2018-12-20 09:28:04.591 [uncertain.proc] [CONFIG] [action] PopulatequeryStatement
2018-12-20 09:28:04.591 [uncertain.proc] [FINE] aurora.database.features.OrderByClauseCreator.onPopulateQueryStatement
2018-12-20 09:28:04.591 [uncertain.proc] [FINE] aurora.database.features.WhereClauseCreator.onPopulateQueryStatement
2018-12-20 09:28:04.591 [uncertain.proc] [CONFIG] [action] CreatequerySql
2018-12-20 09:28:04.591 [uncertain.proc] [FINE] aurora.bm.QuerySqlCreator.onCreateQuerySql
2018-12-20 09:28:04.591 [uncertain.proc] [CONFIG] [action] ExecuteQuery
2018-12-20 09:28:04.591 [uncertain.proc] [FINE] aurora.bm.QuerySqlCreator.onExecuteQuery
2018-12-20 09:28:04.592 [uncertain.proc] [CONFIG] [action] QueryFinish
2018-12-20 09:28:04.592 [uncertain.proc] [FINE] aurora.database.features.AutoQueryCounter.onQueryFinish
2018-12-20 09:28:04.592 [uncertain.proc] [CONFIG] [action] FetchResultSet
2018-12-20 09:28:04.592 [uncertain.proc] [FINE] aurora.database.features.CacheBasedLookUpField.postFetchResultSet
2018-12-20 09:28:04.592 [aurora.database] [CONFIG] 
============= BEGIN [query] SQL Statement execution dump ============
SELECT ui.user_name
FROM sys_user ui
WHERE ui.user_id = ?
---------------------Binding info---------------------
No.1	Access path:/session/@user_id	Data type of passed value :java.lang.Long	Value:2	Output:false	Database Type:null	

=============== END [query] SQL Statement execution dump ============

2018-12-20 09:28:04.592 [uncertain.proc] [CONFIG] [action] CreateView
2018-12-20 09:28:04.593 [uncertain.proc] [CONFIG] [action] BuildOutputContent
2018-12-20 09:28:04.593 [aurora.presentation.buildsession] [CONFIG] Start build session
2018-12-20 09:28:04.593 [aurora.presentation.buildsession] [CONFIG] building view: <html-page> -> aurora.presentation.component.HtmlPage@171a039c
2018-12-20 09:28:04.593 [aurora.presentation.buildsession] [CONFIG] building view: <link> -> aurora.presentation.TemplateBasedView@d2f1834
2018-12-20 09:28:04.594 [aurora.presentation.buildsession] [CONFIG] building view: <link> -> aurora.presentation.TemplateBasedView@d2f1834
2018-12-20 09:28:04.594 [aurora.presentation.buildsession] [CONFIG] building view: <link> -> aurora.presentation.TemplateBasedView@d2f1834
2018-12-20 09:28:04.594 [aurora.presentation.buildsession] [CONFIG] building view: <link> -> aurora.presentation.TemplateBasedView@d2f1834
2018-12-20 09:28:04.594 [aurora.presentation.buildsession] [CONFIG] building view: <link> -> aurora.presentation.TemplateBasedView@d2f1834
2018-12-20 09:28:04.594 [aurora.presentation.buildsession] [CONFIG] building view: <link> -> aurora.presentation.TemplateBasedView@d2f1834
2018-12-20 09:28:04.595 [aurora.presentation.buildsession] [CONFIG] building view: <link> -> aurora.presentation.TemplateBasedView@d2f1834
2018-12-20 09:28:04.595 [aurora.presentation.buildsession] [CONFIG] building view: <style> -> aurora.presentation.DefaultViewBuilder@261385a8
2018-12-20 09:28:04.595 [aurora.presentation.buildsession] [CONFIG] building view: <link> -> aurora.presentation.TemplateBasedView@d2f1834
2018-12-20 09:28:04.596 [aurora.presentation.buildsession] [CONFIG] building view: <script> -> aurora.presentation.DefaultViewBuilder@261385a8
2018-12-20 09:28:04.596 [aurora.presentation.buildsession] [CONFIG] building view: <dataSets> -> aurora.application.features.DataSetInit@5f655f7
2018-12-20 09:28:04.596 [aurora.presentation.buildsession] [CONFIG] building view: <dataSet> -> aurora.presentation.TemplateBasedView@d2f1834
2018-12-20 09:28:04.597 [aurora.presentation.buildsession] [CONFIG] building view: <dataSet> -> aurora.presentation.TemplateBasedView@d2f1834
2018-12-20 09:28:04.599 [aurora.presentation.buildsession] [CONFIG] building view: <dataSet> -> aurora.presentation.TemplateBasedView@d2f1834
2018-12-20 09:28:04.601 [aurora.presentation.buildsession] [CONFIG] building view: <dataSet> -> aurora.presentation.TemplateBasedView@d2f1834
2018-12-20 09:28:04.601 [aurora.presentation.buildsession] [CONFIG] building view: <div> -> aurora.presentation.DefaultViewBuilder@261385a8
2018-12-20 09:28:04.601 [aurora.presentation.buildsession] [CONFIG] building view: <table> -> aurora.presentation.DefaultViewBuilder@261385a8
2018-12-20 09:28:04.601 [aurora.presentation.buildsession] [CONFIG] building view: <tbody> -> aurora.presentation.DefaultViewBuilder@261385a8
2018-12-20 09:28:04.601 [aurora.presentation.buildsession] [CONFIG] building view: <tr> -> aurora.presentation.DefaultViewBuilder@261385a8
2018-12-20 09:28:04.601 [aurora.presentation.buildsession] [CONFIG] building view: <td> -> aurora.presentation.DefaultViewBuilder@261385a8
2018-12-20 09:28:04.601 [aurora.presentation.buildsession] [CONFIG] building view: <ul> -> aurora.presentation.DefaultViewBuilder@261385a8
2018-12-20 09:28:04.601 [aurora.presentation.buildsession] [CONFIG] building view: <freeMarker> -> aurora.presentation.component.std.FreeMarkerTemplate@20f1c564
2018-12-20 09:28:04.604 [aurora.presentation.buildsession] [CONFIG] building view: <li> -> aurora.presentation.DefaultViewBuilder@261385a8
2018-12-20 09:28:04.604 [aurora.presentation.buildsession] [CONFIG] building view: <a> -> aurora.presentation.DefaultViewBuilder@261385a8
2018-12-20 09:28:04.605 [aurora.presentation.buildsession] [CONFIG] building view: <li> -> aurora.presentation.DefaultViewBuilder@261385a8
2018-12-20 09:28:04.605 [aurora.presentation.buildsession] [CONFIG] building view: <a> -> aurora.presentation.DefaultViewBuilder@261385a8
2018-12-20 09:28:04.605 [aurora.presentation.buildsession] [CONFIG] building view: <li> -> aurora.presentation.DefaultViewBuilder@261385a8
2018-12-20 09:28:04.605 [aurora.presentation.buildsession] [CONFIG] building view: <a> -> aurora.presentation.DefaultViewBuilder@261385a8
2018-12-20 09:28:04.605 [aurora.presentation.buildsession] [CONFIG] building view: <li> -> aurora.presentation.DefaultViewBuilder@261385a8
2018-12-20 09:28:04.605 [aurora.presentation.buildsession] [CONFIG] building view: <div> -> aurora.presentation.DefaultViewBuilder@261385a8
2018-12-20 09:28:04.605 [aurora.presentation.buildsession] [CONFIG] building view: <span> -> aurora.presentation.DefaultViewBuilder@261385a8
2018-12-20 09:28:04.605 [aurora.presentation.buildsession] [CONFIG] building view: <div> -> aurora.presentation.DefaultViewBuilder@261385a8
2018-12-20 09:28:04.605 [aurora.presentation.buildsession] [CONFIG] building view: <lov> -> aurora.presentation.TemplateBasedView@d2f1834
2018-12-20 09:28:04.605 [aurora.presentation.buildsession] [CONFIG] building view: <div> -> aurora.presentation.DefaultViewBuilder@261385a8
2018-12-20 09:28:04.606 [aurora.presentation.buildsession] [CONFIG] building view: <a> -> aurora.presentation.DefaultViewBuilder@261385a8
2018-12-20 09:28:04.606 [aurora.presentation.buildsession] [CONFIG] building view: <div> -> aurora.presentation.DefaultViewBuilder@261385a8
2018-12-20 09:28:04.606 [aurora.presentation.buildsession] [CONFIG] building view: <div> -> aurora.presentation.DefaultViewBuilder@261385a8
2018-12-20 09:28:04.606 [aurora.presentation.buildsession] [CONFIG] building view: <comboBox> -> aurora.presentation.TemplateBasedView@d2f1834
2018-12-20 09:28:04.606 [aurora.presentation.buildsession] [CONFIG] building view: <tr> -> aurora.presentation.DefaultViewBuilder@261385a8
2018-12-20 09:28:04.606 [aurora.presentation.buildsession] [CONFIG] building view: <td> -> aurora.presentation.DefaultViewBuilder@261385a8
2018-12-20 09:28:04.606 [aurora.presentation.buildsession] [CONFIG] building view: <div> -> aurora.presentation.DefaultViewBuilder@261385a8
2018-12-20 09:28:04.606 [aurora.presentation.buildsession] [CONFIG] building view: <freeMarker> -> aurora.presentation.component.std.FreeMarkerTemplate@5a3ad7ab
2018-12-20 09:28:04.640 [aurora.presentation.buildsession] [CONFIG] building view: <div> -> aurora.presentation.DefaultViewBuilder@261385a8
2018-12-20 09:28:04.640 [aurora.presentation.buildsession] [CONFIG] building view: <ul> -> aurora.presentation.DefaultViewBuilder@261385a8
2018-12-20 09:28:04.640 [aurora.presentation.buildsession] [CONFIG] building view: <li> -> aurora.presentation.DefaultViewBuilder@261385a8
2018-12-20 09:28:04.640 [aurora.presentation.buildsession] [CONFIG] building view: <li> -> aurora.presentation.DefaultViewBuilder@261385a8
2018-12-20 09:28:04.640 [aurora.presentation.buildsession] [CONFIG] building view: <a> -> aurora.presentation.DefaultViewBuilder@261385a8
2018-12-20 09:28:04.640 [aurora.presentation.buildsession] [CONFIG] building view: <li> -> aurora.presentation.DefaultViewBuilder@261385a8
2018-12-20 09:28:04.640 [aurora.presentation.buildsession] [CONFIG] building view: <a> -> aurora.presentation.DefaultViewBuilder@261385a8
2018-12-20 09:28:04.640 [aurora.presentation.buildsession] [CONFIG] building view: <li> -> aurora.presentation.DefaultViewBuilder@261385a8
2018-12-20 09:28:04.640 [aurora.presentation.buildsession] [CONFIG] building view: <a> -> aurora.presentation.DefaultViewBuilder@261385a8
2018-12-20 09:28:04.640 [aurora.presentation.buildsession] [CONFIG] building view: <li> -> aurora.presentation.DefaultViewBuilder@261385a8
2018-12-20 09:28:04.640 [aurora.presentation.buildsession] [CONFIG] building view: <a> -> aurora.presentation.DefaultViewBuilder@261385a8
2018-12-20 09:28:04.640 [aurora.presentation.buildsession] [CONFIG] building view: <ul> -> aurora.presentation.DefaultViewBuilder@261385a8
2018-12-20 09:28:04.640 [aurora.presentation.buildsession] [CONFIG] building view: <li> -> aurora.presentation.DefaultViewBuilder@261385a8
2018-12-20 09:28:04.640 [aurora.presentation.buildsession] [CONFIG] building view: <li> -> aurora.presentation.DefaultViewBuilder@261385a8
2018-12-20 09:28:04.640 [aurora.presentation.buildsession] [CONFIG] building view: <a> -> aurora.presentation.DefaultViewBuilder@261385a8
2018-12-20 09:28:04.640 [aurora.presentation.buildsession] [CONFIG] building view: <li> -> aurora.presentation.DefaultViewBuilder@261385a8
2018-12-20 09:28:04.640 [aurora.presentation.buildsession] [CONFIG] building view: <a> -> aurora.presentation.DefaultViewBuilder@261385a8
2018-12-20 09:28:04.640 [aurora.presentation.buildsession] [CONFIG] building view: <li> -> aurora.presentation.DefaultViewBuilder@261385a8
2018-12-20 09:28:04.640 [aurora.presentation.buildsession] [CONFIG] building view: <a> -> aurora.presentation.DefaultViewBuilder@261385a8
2018-12-20 09:28:04.640 [aurora.presentation.buildsession] [CONFIG] building view: <li> -> aurora.presentation.DefaultViewBuilder@261385a8
2018-12-20 09:28:04.640 [aurora.presentation.buildsession] [CONFIG] building view: <a> -> aurora.presentation.DefaultViewBuilder@261385a8
2018-12-20 09:28:04.640 [aurora.presentation.buildsession] [CONFIG] building view: <li> -> aurora.presentation.DefaultViewBuilder@261385a8
2018-12-20 09:28:04.640 [aurora.presentation.buildsession] [CONFIG] building view: <a> -> aurora.presentation.DefaultViewBuilder@261385a8
2018-12-20 09:28:04.640 [aurora.presentation.buildsession] [CONFIG] building view: <li> -> aurora.presentation.DefaultViewBuilder@261385a8
2018-12-20 09:28:04.640 [aurora.presentation.buildsession] [CONFIG] building view: <a> -> aurora.presentation.DefaultViewBuilder@261385a8
2018-12-20 09:28:04.640 [aurora.presentation.buildsession] [CONFIG] building view: <li> -> aurora.presentation.DefaultViewBuilder@261385a8
2018-12-20 09:28:04.640 [aurora.presentation.buildsession] [CONFIG] building view: <a> -> aurora.presentation.DefaultViewBuilder@261385a8
2018-12-20 09:28:04.640 [aurora.presentation.buildsession] [CONFIG] building view: <li> -> aurora.presentation.DefaultViewBuilder@261385a8
2018-12-20 09:28:04.640 [aurora.presentation.buildsession] [CONFIG] building view: <a> -> aurora.presentation.DefaultViewBuilder@261385a8
2018-12-20 09:28:04.640 [aurora.presentation.buildsession] [CONFIG] building view: <li> -> aurora.presentation.DefaultViewBuilder@261385a8
2018-12-20 09:28:04.640 [aurora.presentation.buildsession] [CONFIG] building view: <a> -> aurora.presentation.DefaultViewBuilder@261385a8
2018-12-20 09:28:04.641 [aurora.presentation.buildsession] [CONFIG] building view: <li> -> aurora.presentation.DefaultViewBuilder@261385a8
2018-12-20 09:28:04.641 [aurora.presentation.buildsession] [CONFIG] building view: <a> -> aurora.presentation.DefaultViewBuilder@261385a8
2018-12-20 09:28:04.641 [aurora.presentation.buildsession] [CONFIG] building view: <li> -> aurora.presentation.DefaultViewBuilder@261385a8
2018-12-20 09:28:04.641 [aurora.presentation.buildsession] [CONFIG] building view: <a> -> aurora.presentation.DefaultViewBuilder@261385a8
2018-12-20 09:28:04.641 [aurora.presentation.buildsession] [CONFIG] building view: <li> -> aurora.presentation.DefaultViewBuilder@261385a8
2018-12-20 09:28:04.641 [aurora.presentation.buildsession] [CONFIG] building view: <a> -> aurora.presentation.DefaultViewBuilder@261385a8
2018-12-20 09:28:04.641 [aurora.presentation.buildsession] [CONFIG] building view: <li> -> aurora.presentation.DefaultViewBuilder@261385a8
2018-12-20 09:28:04.641 [aurora.presentation.buildsession] [CONFIG] building view: <a> -> aurora.presentation.DefaultViewBuilder@261385a8
2018-12-20 09:28:04.641 [aurora.presentation.buildsession] [CONFIG] building view: <li> -> aurora.presentation.DefaultViewBuilder@261385a8
2018-12-20 09:28:04.641 [aurora.presentation.buildsession] [CONFIG] building view: <a> -> aurora.presentation.DefaultViewBuilder@261385a8
2018-12-20 09:28:04.641 [aurora.presentation.buildsession] [CONFIG] building view: <ul> -> aurora.presentation.DefaultViewBuilder@261385a8
2018-12-20 09:28:04.641 [aurora.presentation.buildsession] [CONFIG] building view: <li> -> aurora.presentation.DefaultViewBuilder@261385a8
2018-12-20 09:28:04.641 [aurora.presentation.buildsession] [CONFIG] building view: <li> -> aurora.presentation.DefaultViewBuilder@261385a8
2018-12-20 09:28:04.641 [aurora.presentation.buildsession] [CONFIG] building view: <a> -> aurora.presentation.DefaultViewBuilder@261385a8
2018-12-20 09:28:04.641 [aurora.presentation.buildsession] [CONFIG] building view: <li> -> aurora.presentation.DefaultViewBuilder@261385a8
2018-12-20 09:28:04.641 [aurora.presentation.buildsession] [CONFIG] building view: <a> -> aurora.presentation.DefaultViewBuilder@261385a8
2018-12-20 09:28:04.641 [aurora.presentation.buildsession] [CONFIG] building view: <li> -> aurora.presentation.DefaultViewBuilder@261385a8
2018-12-20 09:28:04.641 [aurora.presentation.buildsession] [CONFIG] building view: <a> -> aurora.presentation.DefaultViewBuilder@261385a8
2018-12-20 09:28:04.641 [aurora.presentation.buildsession] [CONFIG] building view: <li> -> aurora.presentation.DefaultViewBuilder@261385a8
2018-12-20 09:28:04.641 [aurora.presentation.buildsession] [CONFIG] building view: <a> -> aurora.presentation.DefaultViewBuilder@261385a8
2018-12-20 09:28:04.641 [aurora.presentation.buildsession] [CONFIG] building view: <li> -> aurora.presentation.DefaultViewBuilder@261385a8
2018-12-20 09:28:04.641 [aurora.presentation.buildsession] [CONFIG] building view: <a> -> aurora.presentation.DefaultViewBuilder@261385a8
2018-12-20 09:28:04.641 [aurora.presentation.buildsession] [CONFIG] building view: <li> -> aurora.presentation.DefaultViewBuilder@261385a8
2018-12-20 09:28:04.641 [aurora.presentation.buildsession] [CONFIG] building view: <a> -> aurora.presentation.DefaultViewBuilder@261385a8
2018-12-20 09:28:04.641 [aurora.presentation.buildsession] [CONFIG] building view: <li> -> aurora.presentation.DefaultViewBuilder@261385a8
2018-12-20 09:28:04.641 [aurora.presentation.buildsession] [CONFIG] building view: <a> -> aurora.presentation.DefaultViewBuilder@261385a8
2018-12-20 09:28:04.641 [aurora.presentation.buildsession] [CONFIG] building view: <li> -> aurora.presentation.DefaultViewBuilder@261385a8
2018-12-20 09:28:04.641 [aurora.presentation.buildsession] [CONFIG] building view: <a> -> aurora.presentation.DefaultViewBuilder@261385a8
2018-12-20 09:28:04.641 [aurora.presentation.buildsession] [CONFIG] building view: <li> -> aurora.presentation.DefaultViewBuilder@261385a8
2018-12-20 09:28:04.641 [aurora.presentation.buildsession] [CONFIG] building view: <a> -> aurora.presentation.DefaultViewBuilder@261385a8
2018-12-20 09:28:04.641 [aurora.presentation.buildsession] [CONFIG] building view: <li> -> aurora.presentation.DefaultViewBuilder@261385a8
2018-12-20 09:28:04.641 [aurora.presentation.buildsession] [CONFIG] building view: <a> -> aurora.presentation.DefaultViewBuilder@261385a8
2018-12-20 09:28:04.641 [aurora.presentation.buildsession] [CONFIG] building view: <li> -> aurora.presentation.DefaultViewBuilder@261385a8
2018-12-20 09:28:04.641 [aurora.presentation.buildsession] [CONFIG] building view: <a> -> aurora.presentation.DefaultViewBuilder@261385a8
2018-12-20 09:28:04.641 [aurora.presentation.buildsession] [CONFIG] building view: <li> -> aurora.presentation.DefaultViewBuilder@261385a8
2018-12-20 09:28:04.641 [aurora.presentation.buildsession] [CONFIG] building view: <a> -> aurora.presentation.DefaultViewBuilder@261385a8
2018-12-20 09:28:04.642 [aurora.presentation.buildsession] [CONFIG] building view: <ul> -> aurora.presentation.DefaultViewBuilder@261385a8
2018-12-20 09:28:04.642 [aurora.presentation.buildsession] [CONFIG] building view: <li> -> aurora.presentation.DefaultViewBuilder@261385a8
2018-12-20 09:28:04.642 [aurora.presentation.buildsession] [CONFIG] building view: <li> -> aurora.presentation.DefaultViewBuilder@261385a8
2018-12-20 09:28:04.642 [aurora.presentation.buildsession] [CONFIG] building view: <a> -> aurora.presentation.DefaultViewBuilder@261385a8
2018-12-20 09:28:04.642 [aurora.presentation.buildsession] [CONFIG] building view: <li> -> aurora.presentation.DefaultViewBuilder@261385a8
2018-12-20 09:28:04.642 [aurora.presentation.buildsession] [CONFIG] building view: <a> -> aurora.presentation.DefaultViewBuilder@261385a8
2018-12-20 09:28:04.642 [aurora.presentation.buildsession] [CONFIG] building view: <li> -> aurora.presentation.DefaultViewBuilder@261385a8
2018-12-20 09:28:04.642 [aurora.presentation.buildsession] [CONFIG] building view: <a> -> aurora.presentation.DefaultViewBuilder@261385a8
2018-12-20 09:28:04.642 [aurora.presentation.buildsession] [CONFIG] building view: <li> -> aurora.presentation.DefaultViewBuilder@261385a8
2018-12-20 09:28:04.642 [aurora.presentation.buildsession] [CONFIG] building view: <a> -> aurora.presentation.DefaultViewBuilder@261385a8
2018-12-20 09:28:04.642 [aurora.presentation.buildsession] [CONFIG] building view: <li> -> aurora.presentation.DefaultViewBuilder@261385a8
2018-12-20 09:28:04.642 [aurora.presentation.buildsession] [CONFIG] building view: <a> -> aurora.presentation.DefaultViewBuilder@261385a8
2018-12-20 09:28:04.642 [aurora.presentation.buildsession] [CONFIG] building view: <li> -> aurora.presentation.DefaultViewBuilder@261385a8
2018-12-20 09:28:04.642 [aurora.presentation.buildsession] [CONFIG] building view: <a> -> aurora.presentation.DefaultViewBuilder@261385a8
2018-12-20 09:28:04.642 [aurora.presentation.buildsession] [CONFIG] building view: <li> -> aurora.presentation.DefaultViewBuilder@261385a8
2018-12-20 09:28:04.642 [aurora.presentation.buildsession] [CONFIG] building view: <a> -> aurora.presentation.DefaultViewBuilder@261385a8
2018-12-20 09:28:04.642 [aurora.presentation.buildsession] [CONFIG] building view: <ul> -> aurora.presentation.DefaultViewBuilder@261385a8
2018-12-20 09:28:04.642 [aurora.presentation.buildsession] [CONFIG] building view: <li> -> aurora.presentation.DefaultViewBuilder@261385a8
2018-12-20 09:28:04.642 [aurora.presentation.buildsession] [CONFIG] building view: <li> -> aurora.presentation.DefaultViewBuilder@261385a8
2018-12-20 09:28:04.642 [aurora.presentation.buildsession] [CONFIG] building view: <a> -> aurora.presentation.DefaultViewBuilder@261385a8
2018-12-20 09:28:04.642 [aurora.presentation.buildsession] [CONFIG] building view: <ul> -> aurora.presentation.DefaultViewBuilder@261385a8
2018-12-20 09:28:04.642 [aurora.presentation.buildsession] [CONFIG] building view: <li> -> aurora.presentation.DefaultViewBuilder@261385a8
2018-12-20 09:28:04.642 [aurora.presentation.buildsession] [CONFIG] building view: <li> -> aurora.presentation.DefaultViewBuilder@261385a8
2018-12-20 09:28:04.642 [aurora.presentation.buildsession] [CONFIG] building view: <a> -> aurora.presentation.DefaultViewBuilder@261385a8
2018-12-20 09:28:04.642 [aurora.presentation.buildsession] [CONFIG] building view: <li> -> aurora.presentation.DefaultViewBuilder@261385a8
2018-12-20 09:28:04.642 [aurora.presentation.buildsession] [CONFIG] building view: <a> -> aurora.presentation.DefaultViewBuilder@261385a8
2018-12-20 09:28:04.642 [aurora.presentation.buildsession] [CONFIG] building view: <li> -> aurora.presentation.DefaultViewBuilder@261385a8
2018-12-20 09:28:04.642 [aurora.presentation.buildsession] [CONFIG] building view: <a> -> aurora.presentation.DefaultViewBuilder@261385a8
2018-12-20 09:28:04.642 [aurora.presentation.buildsession] [CONFIG] building view: <li> -> aurora.presentation.DefaultViewBuilder@261385a8
2018-12-20 09:28:04.642 [aurora.presentation.buildsession] [CONFIG] building view: <a> -> aurora.presentation.DefaultViewBuilder@261385a8
2018-12-20 09:28:04.642 [aurora.presentation.buildsession] [CONFIG] building view: <li> -> aurora.presentation.DefaultViewBuilder@261385a8
2018-12-20 09:28:04.642 [aurora.presentation.buildsession] [CONFIG] building view: <a> -> aurora.presentation.DefaultViewBuilder@261385a8
2018-12-20 09:28:04.642 [aurora.presentation.buildsession] [CONFIG] building view: <li> -> aurora.presentation.DefaultViewBuilder@261385a8
2018-12-20 09:28:04.642 [aurora.presentation.buildsession] [CONFIG] building view: <a> -> aurora.presentation.DefaultViewBuilder@261385a8
2018-12-20 09:28:04.642 [aurora.presentation.buildsession] [CONFIG] building view: <li> -> aurora.presentation.DefaultViewBuilder@261385a8
2018-12-20 09:28:04.642 [aurora.presentation.buildsession] [CONFIG] building view: <a> -> aurora.presentation.DefaultViewBuilder@261385a8
2018-12-20 09:28:04.643 [aurora.presentation.buildsession] [CONFIG] building view: <li> -> aurora.presentation.DefaultViewBuilder@261385a8
2018-12-20 09:28:04.643 [aurora.presentation.buildsession] [CONFIG] building view: <a> -> aurora.presentation.DefaultViewBuilder@261385a8
2018-12-20 09:28:04.643 [aurora.presentation.buildsession] [CONFIG] building view: <li> -> aurora.presentation.DefaultViewBuilder@261385a8
2018-12-20 09:28:04.643 [aurora.presentation.buildsession] [CONFIG] building view: <a> -> aurora.presentation.DefaultViewBuilder@261385a8
2018-12-20 09:28:04.643 [aurora.presentation.buildsession] [CONFIG] building view: <ul> -> aurora.presentation.DefaultViewBuilder@261385a8
2018-12-20 09:28:04.643 [aurora.presentation.buildsession] [CONFIG] building view: <li> -> aurora.presentation.DefaultViewBuilder@261385a8
2018-12-20 09:28:04.643 [aurora.presentation.buildsession] [CONFIG] building view: <li> -> aurora.presentation.DefaultViewBuilder@261385a8
2018-12-20 09:28:04.643 [aurora.presentation.buildsession] [CONFIG] building view: <a> -> aurora.presentation.DefaultViewBuilder@261385a8
2018-12-20 09:28:04.643 [aurora.presentation.buildsession] [CONFIG] building view: <li> -> aurora.presentation.DefaultViewBuilder@261385a8
2018-12-20 09:28:04.643 [aurora.presentation.buildsession] [CONFIG] building view: <a> -> aurora.presentation.DefaultViewBuilder@261385a8
2018-12-20 09:28:04.643 [aurora.presentation.buildsession] [CONFIG] building view: <li> -> aurora.presentation.DefaultViewBuilder@261385a8
2018-12-20 09:28:04.643 [aurora.presentation.buildsession] [CONFIG] building view: <a> -> aurora.presentation.DefaultViewBuilder@261385a8
2018-12-20 09:28:04.643 [aurora.presentation.buildsession] [CONFIG] building view: <li> -> aurora.presentation.DefaultViewBuilder@261385a8
2018-12-20 09:28:04.643 [aurora.presentation.buildsession] [CONFIG] building view: <a> -> aurora.presentation.DefaultViewBuilder@261385a8
2018-12-20 09:28:04.643 [aurora.presentation.buildsession] [CONFIG] building view: <ul> -> aurora.presentation.DefaultViewBuilder@261385a8
2018-12-20 09:28:04.643 [aurora.presentation.buildsession] [CONFIG] building view: <li> -> aurora.presentation.DefaultViewBuilder@261385a8
2018-12-20 09:28:04.643 [aurora.presentation.buildsession] [CONFIG] building view: <li> -> aurora.presentation.DefaultViewBuilder@261385a8
2018-12-20 09:28:04.643 [aurora.presentation.buildsession] [CONFIG] building view: <a> -> aurora.presentation.DefaultViewBuilder@261385a8
2018-12-20 09:28:04.643 [aurora.presentation.buildsession] [CONFIG] building view: <li> -> aurora.presentation.DefaultViewBuilder@261385a8
2018-12-20 09:28:04.643 [aurora.presentation.buildsession] [CONFIG] building view: <a> -> aurora.presentation.DefaultViewBuilder@261385a8
2018-12-20 09:28:04.643 [aurora.presentation.buildsession] [CONFIG] building view: <ul> -> aurora.presentation.DefaultViewBuilder@261385a8
2018-12-20 09:28:04.643 [aurora.presentation.buildsession] [CONFIG] building view: <li> -> aurora.presentation.DefaultViewBuilder@261385a8
2018-12-20 09:28:04.643 [aurora.presentation.buildsession] [CONFIG] building view: <li> -> aurora.presentation.DefaultViewBuilder@261385a8
2018-12-20 09:28:04.643 [aurora.presentation.buildsession] [CONFIG] building view: <a> -> aurora.presentation.DefaultViewBuilder@261385a8
2018-12-20 09:28:04.643 [aurora.presentation.buildsession] [CONFIG] building view: <li> -> aurora.presentation.DefaultViewBuilder@261385a8
2018-12-20 09:28:04.643 [aurora.presentation.buildsession] [CONFIG] building view: <a> -> aurora.presentation.DefaultViewBuilder@261385a8
2018-12-20 09:28:04.643 [aurora.presentation.buildsession] [CONFIG] building view: <li> -> aurora.presentation.DefaultViewBuilder@261385a8
2018-12-20 09:28:04.643 [aurora.presentation.buildsession] [CONFIG] building view: <a> -> aurora.presentation.DefaultViewBuilder@261385a8
2018-12-20 09:28:04.643 [aurora.presentation.buildsession] [CONFIG] building view: <li> -> aurora.presentation.DefaultViewBuilder@261385a8
2018-12-20 09:28:04.643 [aurora.presentation.buildsession] [CONFIG] building view: <a> -> aurora.presentation.DefaultViewBuilder@261385a8
2018-12-20 09:28:04.643 [aurora.presentation.buildsession] [CONFIG] building view: <li> -> aurora.presentation.DefaultViewBuilder@261385a8
2018-12-20 09:28:04.643 [aurora.presentation.buildsession] [CONFIG] building view: <a> -> aurora.presentation.DefaultViewBuilder@261385a8
2018-12-20 09:28:04.643 [aurora.presentation.buildsession] [CONFIG] building view: <li> -> aurora.presentation.DefaultViewBuilder@261385a8
2018-12-20 09:28:04.643 [aurora.presentation.buildsession] [CONFIG] building view: <a> -> aurora.presentation.DefaultViewBuilder@261385a8
2018-12-20 09:28:04.643 [aurora.presentation.buildsession] [CONFIG] building view: <li> -> aurora.presentation.DefaultViewBuilder@261385a8
2018-12-20 09:28:04.643 [aurora.presentation.buildsession] [CONFIG] building view: <a> -> aurora.presentation.DefaultViewBuilder@261385a8
2018-12-20 09:28:04.644 [aurora.presentation.buildsession] [CONFIG] building view: <li> -> aurora.presentation.DefaultViewBuilder@261385a8
2018-12-20 09:28:04.644 [aurora.presentation.buildsession] [CONFIG] building view: <a> -> aurora.presentation.DefaultViewBuilder@261385a8
2018-12-20 09:28:04.644 [aurora.presentation.buildsession] [CONFIG] building view: <li> -> aurora.presentation.DefaultViewBuilder@261385a8
2018-12-20 09:28:04.644 [aurora.presentation.buildsession] [CONFIG] building view: <a> -> aurora.presentation.DefaultViewBuilder@261385a8
2018-12-20 09:28:04.644 [aurora.presentation.buildsession] [CONFIG] building view: <li> -> aurora.presentation.DefaultViewBuilder@261385a8
2018-12-20 09:28:04.644 [aurora.presentation.buildsession] [CONFIG] building view: <a> -> aurora.presentation.DefaultViewBuilder@261385a8
2018-12-20 09:28:04.644 [aurora.presentation.buildsession] [CONFIG] building view: <li> -> aurora.presentation.DefaultViewBuilder@261385a8
2018-12-20 09:28:04.644 [aurora.presentation.buildsession] [CONFIG] building view: <a> -> aurora.presentation.DefaultViewBuilder@261385a8
2018-12-20 09:28:04.644 [aurora.presentation.buildsession] [CONFIG] building view: <li> -> aurora.presentation.DefaultViewBuilder@261385a8
2018-12-20 09:28:04.644 [aurora.presentation.buildsession] [CONFIG] building view: <a> -> aurora.presentation.DefaultViewBuilder@261385a8
2018-12-20 09:28:04.644 [aurora.presentation.buildsession] [CONFIG] building view: <li> -> aurora.presentation.DefaultViewBuilder@261385a8
2018-12-20 09:28:04.644 [aurora.presentation.buildsession] [CONFIG] building view: <a> -> aurora.presentation.DefaultViewBuilder@261385a8
2018-12-20 09:28:04.644 [aurora.presentation.buildsession] [CONFIG] building view: <li> -> aurora.presentation.DefaultViewBuilder@261385a8
2018-12-20 09:28:04.644 [aurora.presentation.buildsession] [CONFIG] building view: <a> -> aurora.presentation.DefaultViewBuilder@261385a8
2018-12-20 09:28:04.644 [aurora.presentation.buildsession] [CONFIG] building view: <div> -> aurora.presentation.DefaultViewBuilder@261385a8
2018-12-20 09:28:04.644 [aurora.presentation.buildsession] [CONFIG] building view: <ul> -> aurora.presentation.DefaultViewBuilder@261385a8
2018-12-20 09:28:04.644 [aurora.presentation.buildsession] [CONFIG] building view: <li> -> aurora.presentation.DefaultViewBuilder@261385a8
2018-12-20 09:28:04.644 [aurora.presentation.buildsession] [CONFIG] building view: <li> -> aurora.presentation.DefaultViewBuilder@261385a8
2018-12-20 09:28:04.644 [aurora.presentation.buildsession] [CONFIG] building view: <a> -> aurora.presentation.DefaultViewBuilder@261385a8
2018-12-20 09:28:04.644 [aurora.presentation.buildsession] [CONFIG] building view: <li> -> aurora.presentation.DefaultViewBuilder@261385a8
2018-12-20 09:28:04.644 [aurora.presentation.buildsession] [CONFIG] building view: <a> -> aurora.presentation.DefaultViewBuilder@261385a8
2018-12-20 09:28:04.644 [aurora.presentation.buildsession] [CONFIG] building view: <li> -> aurora.presentation.DefaultViewBuilder@261385a8
2018-12-20 09:28:04.644 [aurora.presentation.buildsession] [CONFIG] building view: <a> -> aurora.presentation.DefaultViewBuilder@261385a8
2018-12-20 09:28:04.644 [aurora.presentation.buildsession] [CONFIG] building view: <li> -> aurora.presentation.DefaultViewBuilder@261385a8
2018-12-20 09:28:04.644 [aurora.presentation.buildsession] [CONFIG] building view: <a> -> aurora.presentation.DefaultViewBuilder@261385a8
2018-12-20 09:28:04.644 [aurora.presentation.buildsession] [CONFIG] building view: <li> -> aurora.presentation.DefaultViewBuilder@261385a8
2018-12-20 09:28:04.644 [aurora.presentation.buildsession] [CONFIG] building view: <a> -> aurora.presentation.DefaultViewBuilder@261385a8
2018-12-20 09:28:04.644 [aurora.presentation.buildsession] [CONFIG] building view: <li> -> aurora.presentation.DefaultViewBuilder@261385a8
2018-12-20 09:28:04.644 [aurora.presentation.buildsession] [CONFIG] building view: <a> -> aurora.presentation.DefaultViewBuilder@261385a8
2018-12-20 09:28:04.644 [aurora.presentation.buildsession] [CONFIG] building view: <li> -> aurora.presentation.DefaultViewBuilder@261385a8
2018-12-20 09:28:04.644 [aurora.presentation.buildsession] [CONFIG] building view: <a> -> aurora.presentation.DefaultViewBuilder@261385a8
2018-12-20 09:28:04.644 [aurora.presentation.buildsession] [CONFIG] building view: <li> -> aurora.presentation.DefaultViewBuilder@261385a8
2018-12-20 09:28:04.644 [aurora.presentation.buildsession] [CONFIG] building view: <a> -> aurora.presentation.DefaultViewBuilder@261385a8
2018-12-20 09:28:04.644 [aurora.presentation.buildsession] [CONFIG] building view: <li> -> aurora.presentation.DefaultViewBuilder@261385a8
2018-12-20 09:28:04.644 [aurora.presentation.buildsession] [CONFIG] building view: <a> -> aurora.presentation.DefaultViewBuilder@261385a8
2018-12-20 09:28:04.644 [aurora.presentation.buildsession] [CONFIG] building view: <li> -> aurora.presentation.DefaultViewBuilder@261385a8
2018-12-20 09:28:04.644 [aurora.presentation.buildsession] [CONFIG] building view: <a> -> aurora.presentation.DefaultViewBuilder@261385a8
2018-12-20 09:28:04.644 [aurora.presentation.buildsession] [CONFIG] building view: <li> -> aurora.presentation.DefaultViewBuilder@261385a8
2018-12-20 09:28:04.644 [aurora.presentation.buildsession] [CONFIG] building view: <a> -> aurora.presentation.DefaultViewBuilder@261385a8
2018-12-20 09:28:04.644 [aurora.presentation.buildsession] [CONFIG] building view: <li> -> aurora.presentation.DefaultViewBuilder@261385a8
2018-12-20 09:28:04.644 [aurora.presentation.buildsession] [CONFIG] building view: <a> -> aurora.presentation.DefaultViewBuilder@261385a8
2018-12-20 09:28:04.645 [aurora.presentation.buildsession] [CONFIG] building view: <li> -> aurora.presentation.DefaultViewBuilder@261385a8
2018-12-20 09:28:04.645 [aurora.presentation.buildsession] [CONFIG] building view: <a> -> aurora.presentation.DefaultViewBuilder@261385a8
2018-12-20 09:28:04.645 [aurora.presentation.buildsession] [CONFIG] building view: <li> -> aurora.presentation.DefaultViewBuilder@261385a8
2018-12-20 09:28:04.645 [aurora.presentation.buildsession] [CONFIG] building view: <a> -> aurora.presentation.DefaultViewBuilder@261385a8
2018-12-20 09:28:04.645 [aurora.presentation.buildsession] [CONFIG] building view: <li> -> aurora.presentation.DefaultViewBuilder@261385a8
2018-12-20 09:28:04.645 [aurora.presentation.buildsession] [CONFIG] building view: <a> -> aurora.presentation.DefaultViewBuilder@261385a8
2018-12-20 09:28:04.645 [aurora.presentation.buildsession] [CONFIG] building view: <li> -> aurora.presentation.DefaultViewBuilder@261385a8
2018-12-20 09:28:04.645 [aurora.presentation.buildsession] [CONFIG] building view: <a> -> aurora.presentation.DefaultViewBuilder@261385a8
2018-12-20 09:28:04.645 [aurora.presentation.buildsession] [CONFIG] building view: <li> -> aurora.presentation.DefaultViewBuilder@261385a8
2018-12-20 09:28:04.645 [aurora.presentation.buildsession] [CONFIG] building view: <a> -> aurora.presentation.DefaultViewBuilder@261385a8
2018-12-20 09:28:04.645 [aurora.presentation.buildsession] [CONFIG] building view: <ul> -> aurora.presentation.DefaultViewBuilder@261385a8
2018-12-20 09:28:04.645 [aurora.presentation.buildsession] [CONFIG] building view: <li> -> aurora.presentation.DefaultViewBuilder@261385a8
2018-12-20 09:28:04.645 [aurora.presentation.buildsession] [CONFIG] building view: <li> -> aurora.presentation.DefaultViewBuilder@261385a8
2018-12-20 09:28:04.645 [aurora.presentation.buildsession] [CONFIG] building view: <a> -> aurora.presentation.DefaultViewBuilder@261385a8
2018-12-20 09:28:04.645 [aurora.presentation.buildsession] [CONFIG] building view: <li> -> aurora.presentation.DefaultViewBuilder@261385a8
2018-12-20 09:28:04.645 [aurora.presentation.buildsession] [CONFIG] building view: <a> -> aurora.presentation.DefaultViewBuilder@261385a8
2018-12-20 09:28:04.645 [aurora.presentation.buildsession] [CONFIG] building view: <li> -> aurora.presentation.DefaultViewBuilder@261385a8
2018-12-20 09:28:04.645 [aurora.presentation.buildsession] [CONFIG] building view: <a> -> aurora.presentation.DefaultViewBuilder@261385a8
2018-12-20 09:28:04.645 [aurora.presentation.buildsession] [CONFIG] building view: <li> -> aurora.presentation.DefaultViewBuilder@261385a8
2018-12-20 09:28:04.645 [aurora.presentation.buildsession] [CONFIG] building view: <a> -> aurora.presentation.DefaultViewBuilder@261385a8
2018-12-20 09:28:04.645 [aurora.presentation.buildsession] [CONFIG] building view: <li> -> aurora.presentation.DefaultViewBuilder@261385a8
2018-12-20 09:28:04.645 [aurora.presentation.buildsession] [CONFIG] building view: <a> -> aurora.presentation.DefaultViewBuilder@261385a8
2018-12-20 09:28:04.645 [aurora.presentation.buildsession] [CONFIG] building view: <li> -> aurora.presentation.DefaultViewBuilder@261385a8
2018-12-20 09:28:04.645 [aurora.presentation.buildsession] [CONFIG] building view: <a> -> aurora.presentation.DefaultViewBuilder@261385a8
2018-12-20 09:28:04.645 [aurora.presentation.buildsession] [CONFIG] building view: <ul> -> aurora.presentation.DefaultViewBuilder@261385a8
2018-12-20 09:28:04.646 [aurora.presentation.buildsession] [CONFIG] building view: <li> -> aurora.presentation.DefaultViewBuilder@261385a8
2018-12-20 09:28:04.646 [aurora.presentation.buildsession] [CONFIG] building view: <li> -> aurora.presentation.DefaultViewBuilder@261385a8
2018-12-20 09:28:04.646 [aurora.presentation.buildsession] [CONFIG] building view: <a> -> aurora.presentation.DefaultViewBuilder@261385a8
2018-12-20 09:28:04.646 [aurora.presentation.buildsession] [CONFIG] building view: <li> -> aurora.presentation.DefaultViewBuilder@261385a8
2018-12-20 09:28:04.646 [aurora.presentation.buildsession] [CONFIG] building view: <a> -> aurora.presentation.DefaultViewBuilder@261385a8
2018-12-20 09:28:04.646 [aurora.presentation.buildsession] [CONFIG] building view: <li> -> aurora.presentation.DefaultViewBuilder@261385a8
2018-12-20 09:28:04.646 [aurora.presentation.buildsession] [CONFIG] building view: <a> -> aurora.presentation.DefaultViewBuilder@261385a8
2018-12-20 09:28:04.646 [aurora.presentation.buildsession] [CONFIG] building view: <li> -> aurora.presentation.DefaultViewBuilder@261385a8
2018-12-20 09:28:04.646 [aurora.presentation.buildsession] [CONFIG] building view: <a> -> aurora.presentation.DefaultViewBuilder@261385a8
2018-12-20 09:28:04.646 [aurora.presentation.buildsession] [CONFIG] building view: <li> -> aurora.presentation.DefaultViewBuilder@261385a8
2018-12-20 09:28:04.646 [aurora.presentation.buildsession] [CONFIG] building view: <a> -> aurora.presentation.DefaultViewBuilder@261385a8
2018-12-20 09:28:04.646 [aurora.presentation.buildsession] [CONFIG] building view: <li> -> aurora.presentation.DefaultViewBuilder@261385a8
2018-12-20 09:28:04.646 [aurora.presentation.buildsession] [CONFIG] building view: <a> -> aurora.presentation.DefaultViewBuilder@261385a8
2018-12-20 09:28:04.646 [aurora.presentation.buildsession] [CONFIG] building view: <div> -> aurora.presentation.DefaultViewBuilder@261385a8
2018-12-20 09:28:04.646 [aurora.presentation.buildsession] [CONFIG] building view: <ul> -> aurora.presentation.DefaultViewBuilder@261385a8
2018-12-20 09:28:04.646 [aurora.presentation.buildsession] [CONFIG] building view: <li> -> aurora.presentation.DefaultViewBuilder@261385a8
2018-12-20 09:28:04.646 [aurora.presentation.buildsession] [CONFIG] building view: <li> -> aurora.presentation.DefaultViewBuilder@261385a8
2018-12-20 09:28:04.646 [aurora.presentation.buildsession] [CONFIG] building view: <a> -> aurora.presentation.DefaultViewBuilder@261385a8
2018-12-20 09:28:04.646 [aurora.presentation.buildsession] [CONFIG] building view: <li> -> aurora.presentation.DefaultViewBuilder@261385a8
2018-12-20 09:28:04.646 [aurora.presentation.buildsession] [CONFIG] building view: <a> -> aurora.presentation.DefaultViewBuilder@261385a8
2018-12-20 09:28:04.646 [aurora.presentation.buildsession] [CONFIG] building view: <li> -> aurora.presentation.DefaultViewBuilder@261385a8
2018-12-20 09:28:04.646 [aurora.presentation.buildsession] [CONFIG] building view: <a> -> aurora.presentation.DefaultViewBuilder@261385a8
2018-12-20 09:28:04.647 [aurora.presentation.buildsession] [CONFIG] building view: <ul> -> aurora.presentation.DefaultViewBuilder@261385a8
2018-12-20 09:28:04.647 [aurora.presentation.buildsession] [CONFIG] building view: <li> -> aurora.presentation.DefaultViewBuilder@261385a8
2018-12-20 09:28:04.647 [aurora.presentation.buildsession] [CONFIG] building view: <li> -> aurora.presentation.DefaultViewBuilder@261385a8
2018-12-20 09:28:04.647 [aurora.presentation.buildsession] [CONFIG] building view: <a> -> aurora.presentation.DefaultViewBuilder@261385a8
2018-12-20 09:28:04.647 [aurora.presentation.buildsession] [CONFIG] building view: <li> -> aurora.presentation.DefaultViewBuilder@261385a8
2018-12-20 09:28:04.647 [aurora.presentation.buildsession] [CONFIG] building view: <a> -> aurora.presentation.DefaultViewBuilder@261385a8
2018-12-20 09:28:04.647 [aurora.presentation.buildsession] [CONFIG] building view: <ul> -> aurora.presentation.DefaultViewBuilder@261385a8
2018-12-20 09:28:04.647 [aurora.presentation.buildsession] [CONFIG] building view: <li> -> aurora.presentation.DefaultViewBuilder@261385a8
2018-12-20 09:28:04.647 [aurora.presentation.buildsession] [CONFIG] building view: <li> -> aurora.presentation.DefaultViewBuilder@261385a8
2018-12-20 09:28:04.647 [aurora.presentation.buildsession] [CONFIG] building view: <a> -> aurora.presentation.DefaultViewBuilder@261385a8
2018-12-20 09:28:04.647 [aurora.presentation.buildsession] [CONFIG] building view: <li> -> aurora.presentation.DefaultViewBuilder@261385a8
2018-12-20 09:28:04.647 [aurora.presentation.buildsession] [CONFIG] building view: <a> -> aurora.presentation.DefaultViewBuilder@261385a8
2018-12-20 09:28:04.647 [aurora.presentation.buildsession] [CONFIG] building view: <li> -> aurora.presentation.DefaultViewBuilder@261385a8
2018-12-20 09:28:04.647 [aurora.presentation.buildsession] [CONFIG] building view: <a> -> aurora.presentation.DefaultViewBuilder@261385a8
2018-12-20 09:28:04.647 [aurora.presentation.buildsession] [CONFIG] building view: <ul> -> aurora.presentation.DefaultViewBuilder@261385a8
2018-12-20 09:28:04.647 [aurora.presentation.buildsession] [CONFIG] building view: <li> -> aurora.presentation.DefaultViewBuilder@261385a8
2018-12-20 09:28:04.647 [aurora.presentation.buildsession] [CONFIG] building view: <li> -> aurora.presentation.DefaultViewBuilder@261385a8
2018-12-20 09:28:04.647 [aurora.presentation.buildsession] [CONFIG] building view: <a> -> aurora.presentation.DefaultViewBuilder@261385a8
2018-12-20 09:28:04.647 [aurora.presentation.buildsession] [CONFIG] building view: <ul> -> aurora.presentation.DefaultViewBuilder@261385a8
2018-12-20 09:28:04.647 [aurora.presentation.buildsession] [CONFIG] building view: <li> -> aurora.presentation.DefaultViewBuilder@261385a8
2018-12-20 09:28:04.647 [aurora.presentation.buildsession] [CONFIG] building view: <li> -> aurora.presentation.DefaultViewBuilder@261385a8
2018-12-20 09:28:04.647 [aurora.presentation.buildsession] [CONFIG] building view: <a> -> aurora.presentation.DefaultViewBuilder@261385a8
2018-12-20 09:28:04.647 [aurora.presentation.buildsession] [CONFIG] building view: <div> -> aurora.presentation.DefaultViewBuilder@261385a8
2018-12-20 09:28:04.647 [aurora.presentation.buildsession] [CONFIG] building view: <div> -> aurora.presentation.DefaultViewBuilder@261385a8
2018-12-20 09:28:04.647 [aurora.presentation.buildsession] [CONFIG] building view: <a> -> aurora.presentation.DefaultViewBuilder@261385a8
2018-12-20 09:28:04.647 [aurora.presentation.buildsession] [CONFIG] building view: <span> -> aurora.presentation.DefaultViewBuilder@261385a8
2018-12-20 09:28:04.647 [aurora.presentation.buildsession] [CONFIG] building view: <div> -> aurora.presentation.DefaultViewBuilder@261385a8
2018-12-20 09:28:04.647 [aurora.presentation.buildsession] [CONFIG] building view: <a> -> aurora.presentation.DefaultViewBuilder@261385a8
2018-12-20 09:28:04.647 [aurora.presentation.buildsession] [CONFIG] building view: <span> -> aurora.presentation.DefaultViewBuilder@261385a8
2018-12-20 09:28:04.647 [aurora.presentation.buildsession] [CONFIG] building view: <div> -> aurora.presentation.DefaultViewBuilder@261385a8
2018-12-20 09:28:04.647 [aurora.presentation.buildsession] [CONFIG] building view: <a> -> aurora.presentation.DefaultViewBuilder@261385a8
2018-12-20 09:28:04.647 [aurora.presentation.buildsession] [CONFIG] building view: <span> -> aurora.presentation.DefaultViewBuilder@261385a8
2018-12-20 09:28:04.647 [aurora.presentation.buildsession] [CONFIG] building view: <div> -> aurora.presentation.DefaultViewBuilder@261385a8
2018-12-20 09:28:04.647 [aurora.presentation.buildsession] [CONFIG] building view: <a> -> aurora.presentation.DefaultViewBuilder@261385a8
2018-12-20 09:28:04.647 [aurora.presentation.buildsession] [CONFIG] building view: <span> -> aurora.presentation.DefaultViewBuilder@261385a8
2018-12-20 09:28:04.647 [aurora.presentation.buildsession] [CONFIG] building view: <tabPanel> -> aurora.presentation.TemplateBasedView@d2f1834
2018-12-20 09:28:04.648 [aurora.presentation.buildsession] [CONFIG] building view: <script> -> aurora.presentation.DefaultViewBuilder@261385a8
2018-12-20 09:28:04.649 [aurora.presentation.buildsession] [CONFIG] building view: <switch> -> aurora.presentation.component.std.Switch@1dfb2993
2018-12-20 09:28:04.649 [aurora.presentation.buildsession] [CONFIG] End build session
