2018-12-20 10:02:38.624 [uncertain.proc] [CONFIG] [action] DecideStatement
2018-12-20 10:02:38.625 [uncertain.proc] [CONFIG] [action] DecideSqlGenerationMode
2018-12-20 10:02:38.625 [uncertain.proc] [FINE] aurora.database.service.BusinessModelService.onDecideSqlGenerationMode
2018-12-20 10:02:38.625 [uncertain.proc] [CONFIG] [action] CreateOperationSql
2018-12-20 10:02:38.625 [uncertain.proc] [CONFIG] [action] PopulateOperationSql
2018-12-20 10:02:38.625 [uncertain.proc] [FINE] aurora.database.features.OrderByClauseCreator.onPopulateOperationSql
2018-12-20 10:02:38.625 [uncertain.proc] [FINE] aurora.database.features.WhereClauseCreator.onPopulateOperationSql
2018-12-20 10:02:38.625 [uncertain.proc] [CONFIG] [action] CreateSqlRunner
2018-12-20 10:02:38.633 [uncertain.proc] [FINE] aurora.database.service.BusinessModelService.onCreateSqlRunner
2018-12-20 10:02:38.633 [uncertain.proc] [CONFIG] [action] ExecuteDmlStatement
2018-12-20 10:02:38.633 [uncertain.proc] [FINE] aurora.database.service.BusinessModelService.onExecuteDmlStatement
2018-12-20 10:02:38.702 [aurora.database] [CONFIG] 
============= BEGIN [Update] SQL Statement execution dump ============

			  begin
			      if ? = 'Y' then
			        null;
			      else 
					sys_session_pkg.expire_session(p_session_id => ?);			      
			      end if;
			  end;
            
---------------------Binding info---------------------
No.1	Access path:/session/@is_ipad	Data type of passed value :java.lang.String	Value:N	Output:false	Database Type:null	
No.2	Access path:/session/@session_id	Data type of passed value :java.lang.Long	Value:7612	Output:false	Database Type:null	

=============== END [Update] SQL Statement execution dump ============

