2018-12-20 09:28:43.151 [aurora.application.session_check] [CONFIG] Session data copied to context
2018-12-20 09:28:43.151 [aurora.application.session_check] [CONFIG] Access check result for sys_lov.screen => success
2018-12-20 09:28:43.151 [uncertain.proc] [CONFIG] [action] AccessCheck
2018-12-20 09:28:43.154 [uncertain.proc] [CONFIG] [action] InitService
2018-12-20 09:28:43.154 [uncertain.proc] [CONFIG] [action] ParseParameter
2018-12-20 09:28:43.154 [uncertain.proc] [CONFIG] [action] CreateModel
2018-12-20 09:28:43.154 [uncertain.proc] [CONFIG] [action] CreateView
2018-12-20 09:28:43.157 [uncertain.proc] [CONFIG] [action] BuildOutputContent
2018-12-20 09:28:43.157 [aurora.presentation.buildsession] [CONFIG] Start build session
2018-12-20 09:28:43.157 [aurora.presentation.buildsession] [CONFIG] building view: <html-page> -> aurora.presentation.component.HtmlPage@1acca1a0
2018-12-20 09:28:43.159 [aurora.presentation.buildsession] [CONFIG] building view: <style> -> aurora.presentation.DefaultViewBuilder@261385a8
2018-12-20 09:28:43.159 [aurora.presentation.buildsession] [CONFIG] building view: <div> -> aurora.presentation.DefaultViewBuilder@261385a8
2018-12-20 09:28:43.159 [aurora.presentation.buildsession] [CONFIG] building view: <script> -> aurora.presentation.DefaultViewBuilder@261385a8
2018-12-20 09:28:43.159 [aurora.presentation.buildsession] [CONFIG] building view: <dataSets> -> aurora.application.features.DataSetInit@407635bf
2018-12-20 09:28:43.159 [aurora.presentation.buildsession] [CONFIG] building view: <dataSet> -> aurora.presentation.TemplateBasedView@d2f1834
2018-12-20 09:28:43.161 [aurora.presentation.buildsession] [CONFIG] building view: <dataSet> -> aurora.presentation.TemplateBasedView@d2f1834
2018-12-20 09:28:43.162 [aurora.presentation.buildsession] [CONFIG] building view: <div> -> aurora.presentation.DefaultViewBuilder@261385a8
2018-12-20 09:28:43.162 [aurora.presentation.buildsession] [CONFIG] building view: <form> -> aurora.presentation.component.std.Form@2f1ab051
2018-12-20 09:28:43.162 [aurora.presentation.buildsession] [CONFIG] building view: <textField> -> aurora.presentation.TemplateBasedView@d2f1834
2018-12-20 09:28:43.163 [aurora.presentation.buildsession] [CONFIG] building view: <textField> -> aurora.presentation.TemplateBasedView@d2f1834
2018-12-20 09:28:43.163 [aurora.presentation.buildsession] [CONFIG] building view: <hBox> -> aurora.presentation.component.std.HBox@29e0107f
2018-12-20 09:28:43.163 [aurora.presentation.buildsession] [CONFIG] building view: <button> -> aurora.presentation.TemplateBasedView@d2f1834
2018-12-20 09:28:43.164 [aurora.presentation.buildsession] [CONFIG] building view: <button> -> aurora.presentation.TemplateBasedView@d2f1834
2018-12-20 09:28:43.165 [aurora.presentation.buildsession] [CONFIG] building view: <grid> -> aurora.presentation.TemplateBasedView@d2f1834
2018-12-20 09:28:43.165 [aurora.presentation.buildsession] [CONFIG] building view: <navBar> -> aurora.presentation.TemplateBasedView@d2f1834
2018-12-20 09:28:43.166 [aurora.presentation.buildsession] [CONFIG] building view: <button> -> aurora.presentation.TemplateBasedView@d2f1834
2018-12-20 09:28:43.167 [aurora.presentation.buildsession] [CONFIG] building view: <button> -> aurora.presentation.TemplateBasedView@d2f1834
2018-12-20 09:28:43.167 [aurora.presentation.buildsession] [CONFIG] building view: <separator> -> aurora.presentation.TemplateBasedView@d2f1834
2018-12-20 09:28:43.168 [aurora.presentation.buildsession] [CONFIG] building view: <div> -> aurora.presentation.DefaultViewBuilder@261385a8
2018-12-20 09:28:43.168 [aurora.presentation.buildsession] [CONFIG] building view: <numberField> -> aurora.presentation.TemplateBasedView@d2f1834
2018-12-20 09:28:43.168 [aurora.presentation.buildsession] [CONFIG] building view: <div> -> aurora.presentation.DefaultViewBuilder@261385a8
2018-12-20 09:28:43.169 [aurora.presentation.buildsession] [CONFIG] building view: <separator> -> aurora.presentation.TemplateBasedView@d2f1834
2018-12-20 09:28:43.169 [aurora.presentation.buildsession] [CONFIG] building view: <button> -> aurora.presentation.TemplateBasedView@d2f1834
2018-12-20 09:28:43.170 [aurora.presentation.buildsession] [CONFIG] building view: <button> -> aurora.presentation.TemplateBasedView@d2f1834
2018-12-20 09:28:43.170 [aurora.presentation.buildsession] [CONFIG] building view: <button> -> aurora.presentation.TemplateBasedView@d2f1834
2018-12-20 09:28:43.171 [aurora.presentation.buildsession] [CONFIG] building view: <separator> -> aurora.presentation.TemplateBasedView@d2f1834
2018-12-20 09:28:43.172 [aurora.presentation.buildsession] [CONFIG] building view: <div> -> aurora.presentation.DefaultViewBuilder@261385a8
2018-12-20 09:28:43.174 [aurora.presentation.buildsession] [CONFIG] building view: <script> -> aurora.presentation.DefaultViewBuilder@261385a8
2018-12-20 09:28:43.174 [aurora.presentation.buildsession] [CONFIG] End build session
